2019-12-04 10:06:41.703  INFO 26244 --- [main] c.e.commentsapi.CommentsApiApplication   : The following profiles are active: local
2019-12-04 10:06:45.033  INFO 26244 --- [main] .s.d.r.c.RepositoryConfigurationDelegate : Bootstrapping Spring Data repositories in DEFAULT mode.
2019-12-04 10:06:45.359  INFO 26244 --- [main] .s.d.r.c.RepositoryConfigurationDelegate : Finished Spring Data repository scanning in 305ms. Found 1 repository interfaces.
2019-12-04 10:06:46.219  INFO 26244 --- [main] o.s.cloud.context.scope.GenericScope     : BeanFactory id=138ddb6e-edc0-3339-bcf1-2b5d49ce7df5
2019-12-04 10:06:46.715  INFO 26244 --- [main] trationDelegate$BeanPostProcessorChecker : Bean 'org.springframework.transaction.annotation.ProxyTransactionManagementConfiguration' of type [org.springframework.transaction.annotation.ProxyTransactionManagementConfiguration] is not eligible for getting processed by all BeanPostProcessors (for example: not eligible for auto-proxying)
2019-12-04 10:06:46.899  INFO 26244 --- [main] trationDelegate$BeanPostProcessorChecker : Bean 'org.springframework.cloud.autoconfigure.ConfigurationPropertiesRebinderAutoConfiguration' of type [org.springframework.cloud.autoconfigure.ConfigurationPropertiesRebinderAutoConfiguration$$EnhancerBySpringCGLIB$$d5a26590] is not eligible for getting processed by all BeanPostProcessors (for example: not eligible for auto-proxying)
2019-12-04 10:06:47.481  INFO 26244 --- [main] o.s.b.w.embedded.tomcat.TomcatWebServer  : Tomcat initialized with port(s): 8082 (http)
2019-12-04 10:06:47.513  INFO 26244 --- [main] o.apache.catalina.core.StandardService   : Starting service [Tomcat]
2019-12-04 10:06:47.515  INFO 26244 --- [main] org.apache.catalina.core.StandardEngine  : Starting Servlet engine: [Apache Tomcat/9.0.27]
2019-12-04 10:06:48.050  INFO 26244 --- [main] o.a.c.c.C.[Tomcat].[localhost].[/]       : Initializing Spring embedded WebApplicationContext
2019-12-04 10:06:48.052  INFO 26244 --- [main] o.s.web.context.ContextLoader            : Root WebApplicationContext: initialization completed in 6310 ms
2019-12-04 10:06:49.573  INFO 26244 --- [main] o.hibernate.jpa.internal.util.LogHelper  : HHH000204: Processing PersistenceUnitInfo [name: default]
2019-12-04 10:06:50.002  INFO 26244 --- [main] org.hibernate.Version                    : HHH000412: Hibernate Core {5.4.8.Final}
2019-12-04 10:06:50.594  INFO 26244 --- [main] o.hibernate.annotations.common.Version   : HCANN000001: Hibernate Commons Annotations {5.1.0.Final}
2019-12-04 10:06:51.151  INFO 26244 --- [main] org.hibernate.dialect.Dialect            : HHH000400: Using dialect: org.hibernate.dialect.PostgreSQLDialect
2019-12-04 10:06:52.530  INFO 26244 --- [main] com.zaxxer.hikari.HikariDataSource       : HikariPool-1 - Starting...
2019-12-04 10:06:52.659  INFO 26244 --- [main] com.zaxxer.hikari.HikariDataSource       : HikariPool-1 - Start completed.
2019-12-04 10:06:52.762  INFO 26244 --- [main] o.h.e.t.j.p.i.JtaPlatformInitiator       : HHH000490: Using JtaPlatform implementation: [org.hibernate.engine.transaction.jta.platform.internal.NoJtaPlatform]
2019-12-04 10:06:52.776  INFO 26244 --- [main] j.LocalContainerEntityManagerFactoryBean : Initialized JPA EntityManagerFactory for persistence unit 'default'
2019-12-04 10:06:53.511  WARN 26244 --- [main] JpaBaseConfiguration$JpaWebConfiguration : spring.jpa.open-in-view is enabled by default. Therefore, database queries may be performed during view rendering. Explicitly configure spring.jpa.open-in-view to disable this warning
2019-12-04 10:06:53.908  WARN 26244 --- [main] c.n.c.sources.URLConfigurationSource     : No URLs will be polled as dynamic configuration sources.
2019-12-04 10:06:53.908  INFO 26244 --- [main] c.n.c.sources.URLConfigurationSource     : To enable URLs as dynamic configuration sources, define System property archaius.configurationSource.additionalUrls or make config.properties available on classpath.
2019-12-04 10:06:53.912  WARN 26244 --- [main] c.n.c.sources.URLConfigurationSource     : No URLs will be polled as dynamic configuration sources.
2019-12-04 10:06:53.912  INFO 26244 --- [main] c.n.c.sources.URLConfigurationSource     : To enable URLs as dynamic configuration sources, define System property archaius.configurationSource.additionalUrls or make config.properties available on classpath.
2019-12-04 10:06:54.048  INFO 26244 --- [main] o.s.s.concurrent.ThreadPoolTaskExecutor  : Initializing ExecutorService 'applicationTaskExecutor'
2019-12-04 10:06:54.545  INFO 26244 --- [main] o.s.c.n.eureka.InstanceInfoFactory       : Setting initial instance status as: STARTING
2019-12-04 10:06:54.578  INFO 26244 --- [main] com.netflix.discovery.DiscoveryClient    : Initializing Eureka in region us-east-1
2019-12-04 10:06:55.003  INFO 26244 --- [main] c.n.d.provider.DiscoveryJerseyProvider   : Using JSON encoding codec LegacyJacksonJson
2019-12-04 10:06:55.004  INFO 26244 --- [main] c.n.d.provider.DiscoveryJerseyProvider   : Using JSON decoding codec LegacyJacksonJson
2019-12-04 10:06:55.114  INFO 26244 --- [main] c.n.d.provider.DiscoveryJerseyProvider   : Using XML encoding codec XStreamXml
2019-12-04 10:06:55.114  INFO 26244 --- [main] c.n.d.provider.DiscoveryJerseyProvider   : Using XML decoding codec XStreamXml
2019-12-04 10:06:55.305  INFO 26244 --- [main] c.n.d.s.r.aws.ConfigClusterResolver      : Resolving eureka endpoints via configuration
2019-12-04 10:06:55.322  INFO 26244 --- [main] com.netflix.discovery.DiscoveryClient    : Disable delta property : false
2019-12-04 10:06:55.323  INFO 26244 --- [main] com.netflix.discovery.DiscoveryClient    : Single vip registry refresh property : null
2019-12-04 10:06:55.323  INFO 26244 --- [main] com.netflix.discovery.DiscoveryClient    : Force full registry fetch : false
2019-12-04 10:06:55.323  INFO 26244 --- [main] com.netflix.discovery.DiscoveryClient    : Application is null : false
2019-12-04 10:06:55.323  INFO 26244 --- [main] com.netflix.discovery.DiscoveryClient    : Registered Applications size is zero : true
2019-12-04 10:06:55.324  INFO 26244 --- [main] com.netflix.discovery.DiscoveryClient    : Application version is -1: true
2019-12-04 10:06:55.324  INFO 26244 --- [main] com.netflix.discovery.DiscoveryClient    : Getting all instance registry info from the eureka server
2019-12-04 10:06:55.530  INFO 26244 --- [main] com.netflix.discovery.DiscoveryClient    : The response status is 200
2019-12-04 10:06:55.535  INFO 26244 --- [main] com.netflix.discovery.DiscoveryClient    : Starting heartbeat executor: renew interval is: 30
2019-12-04 10:06:55.542  INFO 26244 --- [main] c.n.discovery.InstanceInfoReplicator     : InstanceInfoReplicator onDemand update allowed rate per min is 4
2019-12-04 10:06:55.547  INFO 26244 --- [main] com.netflix.discovery.DiscoveryClient    : Discovery Client initialized at timestamp 1575472015545 with initial instances count: 2
2019-12-04 10:06:55.550  INFO 26244 --- [main] o.s.c.n.e.s.EurekaServiceRegistry        : Registering application COMMENTS with eureka with status UP
2019-12-04 10:06:55.551  INFO 26244 --- [main] com.netflix.discovery.DiscoveryClient    : Saw local status change event StatusChangeEvent [timestamp=1575472015551, current=UP, previous=STARTING]
2019-12-04 10:06:55.553  INFO 26244 --- [DiscoveryClient-InstanceInfoReplicator-0] com.netflix.discovery.DiscoveryClient    : DiscoveryClient_COMMENTS/172.16.3.218:comments:8082: registering service...
2019-12-04 10:06:55.555  INFO 26244 --- [main] d.s.w.p.DocumentationPluginsBootstrapper : Context refreshed
2019-12-04 10:06:55.580  INFO 26244 --- [main] d.s.w.p.DocumentationPluginsBootstrapper : Found 1 custom documentation plugin(s)
2019-12-04 10:06:55.631  INFO 26244 --- [DiscoveryClient-InstanceInfoReplicator-0] com.netflix.discovery.DiscoveryClient    : DiscoveryClient_COMMENTS/172.16.3.218:comments:8082 - registration status: 204
2019-12-04 10:06:55.634  INFO 26244 --- [main] s.d.s.w.s.ApiListingReferenceScanner     : Scanning for api listing references
2019-12-04 10:06:55.938  INFO 26244 --- [main] o.s.b.w.embedded.tomcat.TomcatWebServer  : Tomcat started on port(s): 8082 (http) with context path ''
2019-12-04 10:06:55.940  INFO 26244 --- [main] .s.c.n.e.s.EurekaAutoServiceRegistration : Updating port to 8082
2019-12-04 10:06:55.943  INFO 26244 --- [main] c.e.commentsapi.CommentsApiApplication   : Started CommentsApiApplication in 26.991 seconds (JVM running for 33.62)
2019-12-04 10:11:55.347  INFO 26244 --- [AsyncResolver-bootstrap-executor-0] c.n.d.s.r.aws.ConfigClusterResolver      : Resolving eureka endpoints via configuration
2019-12-04 10:16:55.362  INFO 26244 --- [AsyncResolver-bootstrap-executor-0] c.n.d.s.r.aws.ConfigClusterResolver      : Resolving eureka endpoints via configuration
2019-12-04 10:21:55.381  INFO 26244 --- [AsyncResolver-bootstrap-executor-0] c.n.d.s.r.aws.ConfigClusterResolver      : Resolving eureka endpoints via configuration
2019-12-04 10:26:55.422  INFO 26244 --- [AsyncResolver-bootstrap-executor-0] c.n.d.s.r.aws.ConfigClusterResolver      : Resolving eureka endpoints via configuration
2019-12-04 10:31:55.442  INFO 26244 --- [AsyncResolver-bootstrap-executor-0] c.n.d.s.r.aws.ConfigClusterResolver      : Resolving eureka endpoints via configuration
2019-12-04 10:36:55.459  INFO 26244 --- [AsyncResolver-bootstrap-executor-0] c.n.d.s.r.aws.ConfigClusterResolver      : Resolving eureka endpoints via configuration
2019-12-04 10:38:23.510  INFO 26244 --- [SpringContextShutdownHook] o.s.c.n.e.s.EurekaServiceRegistry        : Unregistering application COMMENTS with eureka with status DOWN
2019-12-04 10:38:23.523  WARN 26244 --- [SpringContextShutdownHook] com.netflix.discovery.DiscoveryClient    : Saw local status change event StatusChangeEvent [timestamp=1575473903523, current=DOWN, previous=UP]
2019-12-04 10:38:23.524  INFO 26244 --- [DiscoveryClient-InstanceInfoReplicator-0] com.netflix.discovery.DiscoveryClient    : DiscoveryClient_COMMENTS/172.16.3.218:comments:8082: registering service...
2019-12-04 10:38:23.555  INFO 26244 --- [DiscoveryClient-InstanceInfoReplicator-0] com.netflix.discovery.DiscoveryClient    : DiscoveryClient_COMMENTS/172.16.3.218:comments:8082 - registration status: 204
2019-12-04 10:38:23.612  INFO 26244 --- [SpringContextShutdownHook] o.s.s.concurrent.ThreadPoolTaskExecutor  : Shutting down ExecutorService 'applicationTaskExecutor'
2019-12-04 10:38:23.641  INFO 26244 --- [SpringContextShutdownHook] j.LocalContainerEntityManagerFactoryBean : Closing JPA EntityManagerFactory for persistence unit 'default'
2019-12-04 10:38:23.799  INFO 26244 --- [SpringContextShutdownHook] com.netflix.discovery.DiscoveryClient    : Shutting down DiscoveryClient ...
2019-12-04 10:38:26.802  INFO 26244 --- [SpringContextShutdownHook] com.netflix.discovery.DiscoveryClient    : Unregistering ...
2019-12-04 10:38:26.803  WARN 26244 --- [DiscoveryClient-0] c.netflix.discovery.TimedSupervisorTask  : task supervisor shutting down, can't accept the task
2019-12-04 10:38:26.811  INFO 26244 --- [SpringContextShutdownHook] com.netflix.discovery.DiscoveryClient    : DiscoveryClient_COMMENTS/172.16.3.218:comments:8082 - deregister  status: 200
2019-12-04 10:38:26.841  INFO 26244 --- [SpringContextShutdownHook] com.netflix.discovery.DiscoveryClient    : Completed shut down of DiscoveryClient
2019-12-04 10:38:26.843  INFO 26244 --- [SpringContextShutdownHook] com.zaxxer.hikari.HikariDataSource       : HikariPool-1 - Shutdown initiated...
2019-12-04 10:38:26.851  INFO 26244 --- [SpringContextShutdownHook] com.zaxxer.hikari.HikariDataSource       : HikariPool-1 - Shutdown completed.
