2019-12-04 10:04:06.502  INFO 26090 --- [main] c.e.apigateway.ZuulGatewayApplication    : The following profiles are active: local
2019-12-04 10:04:08.660  INFO 26090 --- [main] .s.d.r.c.RepositoryConfigurationDelegate : Bootstrapping Spring Data repositories in DEFAULT mode.
2019-12-04 10:04:08.708  INFO 26090 --- [main] .s.d.r.c.RepositoryConfigurationDelegate : Finished Spring Data repository scanning in 25ms. Found 0 repository interfaces.
2019-12-04 10:04:08.911  WARN 26090 --- [main] o.s.boot.actuate.endpoint.EndpointId     : Endpoint ID 'service-registry' contains invalid characters, please migrate to a valid format.
2019-12-04 10:04:08.927  WARN 26090 --- [main] o.s.boot.actuate.endpoint.EndpointId     : Endpoint ID 'hystrix.stream' contains invalid characters, please migrate to a valid format.
2019-12-04 10:04:09.315  INFO 26090 --- [main] o.s.cloud.context.scope.GenericScope     : BeanFactory id=84d51f73-5869-33be-b6ef-e941d737e86a
2019-12-04 10:04:09.565  INFO 26090 --- [main] trationDelegate$BeanPostProcessorChecker : Bean 'org.springframework.transaction.annotation.ProxyTransactionManagementConfiguration' of type [org.springframework.transaction.annotation.ProxyTransactionManagementConfiguration$$EnhancerBySpringCGLIB$$981b488] is not eligible for getting processed by all BeanPostProcessors (for example: not eligible for auto-proxying)
2019-12-04 10:04:09.885  INFO 26090 --- [main] trationDelegate$BeanPostProcessorChecker : Bean 'org.springframework.cloud.autoconfigure.ConfigurationPropertiesRebinderAutoConfiguration' of type [org.springframework.cloud.autoconfigure.ConfigurationPropertiesRebinderAutoConfiguration$$EnhancerBySpringCGLIB$$259bb785] is not eligible for getting processed by all BeanPostProcessors (for example: not eligible for auto-proxying)
2019-12-04 10:04:10.438  INFO 26090 --- [main] o.s.b.w.embedded.tomcat.TomcatWebServer  : Tomcat initialized with port(s): 8080 (http)
2019-12-04 10:04:10.470  INFO 26090 --- [main] o.apache.catalina.core.StandardService   : Starting service [Tomcat]
2019-12-04 10:04:10.472  INFO 26090 --- [main] org.apache.catalina.core.StandardEngine  : Starting Servlet engine: [Apache Tomcat/9.0.21]
2019-12-04 10:04:10.630  INFO 26090 --- [main] o.a.c.c.C.[Tomcat].[localhost].[/]       : Initializing Spring embedded WebApplicationContext
2019-12-04 10:04:10.632  INFO 26090 --- [main] o.s.web.context.ContextLoader            : Root WebApplicationContext: initialization completed in 4085 ms
2019-12-04 10:04:10.846  WARN 26090 --- [main] c.n.c.sources.URLConfigurationSource     : No URLs will be polled as dynamic configuration sources.
2019-12-04 10:04:10.846  INFO 26090 --- [main] c.n.c.sources.URLConfigurationSource     : To enable URLs as dynamic configuration sources, define System property archaius.configurationSource.additionalUrls or make config.properties available on classpath.
2019-12-04 10:04:10.860  INFO 26090 --- [main] c.netflix.config.DynamicPropertyFactory  : DynamicPropertyFactory is initialized with configuration sources: com.netflix.config.ConcurrentCompositeConfiguration@245253d8
2019-12-04 10:04:12.379  INFO 26090 --- [main] com.zaxxer.hikari.HikariDataSource       : HikariPool-1 - Starting...
2019-12-04 10:04:12.739  INFO 26090 --- [main] com.zaxxer.hikari.HikariDataSource       : HikariPool-1 - Start completed.
2019-12-04 10:04:12.881  INFO 26090 --- [main] o.hibernate.jpa.internal.util.LogHelper  : HHH000204: Processing PersistenceUnitInfo [
	name: default
	...]
2019-12-04 10:04:13.060  INFO 26090 --- [main] org.hibernate.Version                    : HHH000412: Hibernate Core {5.3.10.Final}
2019-12-04 10:04:13.064  INFO 26090 --- [main] org.hibernate.cfg.Environment            : HHH000206: hibernate.properties not found
2019-12-04 10:04:13.334  INFO 26090 --- [main] o.hibernate.annotations.common.Version   : HCANN000001: Hibernate Commons Annotations {5.0.4.Final}
2019-12-04 10:04:13.579  INFO 26090 --- [main] org.hibernate.dialect.Dialect            : HHH000400: Using dialect: org.hibernate.dialect.PostgreSQLDialect
2019-12-04 10:04:13.608  INFO 26090 --- [main] o.h.e.j.e.i.LobCreatorBuilderImpl        : HHH000422: Disabling contextual LOB creation as connection was null
2019-12-04 10:04:13.617  INFO 26090 --- [main] org.hibernate.type.BasicTypeRegistry     : HHH000270: Type registration [java.util.UUID] overrides previous : org.hibernate.type.UUIDBinaryType@5c9a4f3b
2019-12-04 10:04:13.834  INFO 26090 --- [main] j.LocalContainerEntityManagerFactoryBean : Initialized JPA EntityManagerFactory for persistence unit 'default'
2019-12-04 10:04:14.218  WARN 26090 --- [main] aWebConfiguration$JpaWebMvcConfiguration : spring.jpa.open-in-view is enabled by default. Therefore, database queries may be performed during view rendering. Explicitly configure spring.jpa.open-in-view to disable this warning
2019-12-04 10:04:14.480  INFO 26090 --- [main] o.s.b.a.e.web.EndpointLinksResolver      : Exposing 2 endpoint(s) beneath base path '/actuator'
2019-12-04 10:04:14.901  INFO 26090 --- [main] o.s.s.web.DefaultSecurityFilterChain     : Creating filter chain: any request, [org.springframework.security.web.context.request.async.WebAsyncManagerIntegrationFilter@4119346d, org.springframework.security.web.context.SecurityContextPersistenceFilter@563ada5, org.springframework.security.web.header.HeaderWriterFilter@5dacf18d, org.springframework.web.filter.CorsFilter@61d09475, org.springframework.security.web.authentication.logout.LogoutFilter@407f2029, com.example.apigateway.config.JwtRequestFilter@6d7ad0f5, org.springframework.security.web.authentication.www.BasicAuthenticationFilter@12608986, org.springframework.security.web.savedrequest.RequestCacheAwareFilter@156ff70f, org.springframework.security.web.servletapi.SecurityContextHolderAwareRequestFilter@775c4054, org.springframework.security.web.authentication.AnonymousAuthenticationFilter@d0fabc8, org.springframework.security.web.session.SessionManagementFilter@37f41a81, org.springframework.security.web.access.ExceptionTranslationFilter@79d14037, org.springframework.security.web.access.intercept.FilterSecurityInterceptor@6ae6d078]
2019-12-04 10:04:14.926  WARN 26090 --- [main] c.n.c.sources.URLConfigurationSource     : No URLs will be polled as dynamic configuration sources.
2019-12-04 10:04:14.927  INFO 26090 --- [main] c.n.c.sources.URLConfigurationSource     : To enable URLs as dynamic configuration sources, define System property archaius.configurationSource.additionalUrls or make config.properties available on classpath.
2019-12-04 10:04:15.171  INFO 26090 --- [main] o.s.s.concurrent.ThreadPoolTaskExecutor  : Initializing ExecutorService 'applicationTaskExecutor'
2019-12-04 10:04:16.382  INFO 26090 --- [main] o.s.c.n.zuul.ZuulFilterInitializer       : Starting filter initializer
2019-12-04 10:04:16.583  INFO 26090 --- [main] o.s.c.n.eureka.InstanceInfoFactory       : Setting initial instance status as: STARTING
2019-12-04 10:04:16.666  INFO 26090 --- [main] com.netflix.discovery.DiscoveryClient    : Initializing Eureka in region us-east-1
2019-12-04 10:04:16.778  INFO 26090 --- [main] c.n.d.provider.DiscoveryJerseyProvider   : Using JSON encoding codec LegacyJacksonJson
2019-12-04 10:04:16.778  INFO 26090 --- [main] c.n.d.provider.DiscoveryJerseyProvider   : Using JSON decoding codec LegacyJacksonJson
2019-12-04 10:04:17.248  INFO 26090 --- [main] c.n.d.provider.DiscoveryJerseyProvider   : Using XML encoding codec XStreamXml
2019-12-04 10:04:17.248  INFO 26090 --- [main] c.n.d.provider.DiscoveryJerseyProvider   : Using XML decoding codec XStreamXml
2019-12-04 10:04:17.484  INFO 26090 --- [main] c.n.d.s.r.aws.ConfigClusterResolver      : Resolving eureka endpoints via configuration
2019-12-04 10:04:17.510  INFO 26090 --- [main] com.netflix.discovery.DiscoveryClient    : Disable delta property : false
2019-12-04 10:04:17.511  INFO 26090 --- [main] com.netflix.discovery.DiscoveryClient    : Single vip registry refresh property : null
2019-12-04 10:04:17.511  INFO 26090 --- [main] com.netflix.discovery.DiscoveryClient    : Force full registry fetch : false
2019-12-04 10:04:17.511  INFO 26090 --- [main] com.netflix.discovery.DiscoveryClient    : Application is null : false
2019-12-04 10:04:17.512  INFO 26090 --- [main] com.netflix.discovery.DiscoveryClient    : Registered Applications size is zero : true
2019-12-04 10:04:17.512  INFO 26090 --- [main] com.netflix.discovery.DiscoveryClient    : Application version is -1: true
2019-12-04 10:04:17.513  INFO 26090 --- [main] com.netflix.discovery.DiscoveryClient    : Getting all instance registry info from the eureka server
2019-12-04 10:04:17.823  INFO 26090 --- [main] com.netflix.discovery.DiscoveryClient    : The response status is 200
2019-12-04 10:04:17.829  INFO 26090 --- [main] com.netflix.discovery.DiscoveryClient    : Starting heartbeat executor: renew interval is: 30
2019-12-04 10:04:17.832  INFO 26090 --- [main] c.n.discovery.InstanceInfoReplicator     : InstanceInfoReplicator onDemand update allowed rate per min is 4
2019-12-04 10:04:17.837  INFO 26090 --- [main] com.netflix.discovery.DiscoveryClient    : Discovery Client initialized at timestamp 1575471857836 with initial instances count: 0
2019-12-04 10:04:17.846  INFO 26090 --- [main] o.s.c.n.e.s.EurekaServiceRegistry        : Registering application API-GATEWAY with eureka with status UP
2019-12-04 10:04:17.847  INFO 26090 --- [main] com.netflix.discovery.DiscoveryClient    : Saw local status change event StatusChangeEvent [timestamp=1575471857847, current=UP, previous=STARTING]
2019-12-04 10:04:17.851  INFO 26090 --- [DiscoveryClient-InstanceInfoReplicator-0] com.netflix.discovery.DiscoveryClient    : DiscoveryClient_API-GATEWAY/172.16.3.218:api-gateway: registering service...
2019-12-04 10:04:17.853  INFO 26090 --- [main] d.s.w.p.DocumentationPluginsBootstrapper : Context refreshed
2019-12-04 10:04:17.906  INFO 26090 --- [main] d.s.w.p.DocumentationPluginsBootstrapper : Found 1 custom documentation plugin(s)
2019-12-04 10:04:17.956  INFO 26090 --- [main] s.d.s.w.s.ApiListingReferenceScanner     : Scanning for api listing references
2019-12-04 10:04:17.999  INFO 26090 --- [DiscoveryClient-InstanceInfoReplicator-0] com.netflix.discovery.DiscoveryClient    : DiscoveryClient_API-GATEWAY/172.16.3.218:api-gateway - registration status: 204
2019-12-04 10:04:18.313  INFO 26090 --- [main] .d.s.w.r.o.CachingOperationNameGenerator : Generating unique operation named: handleUsingGET_1
2019-12-04 10:04:18.317  INFO 26090 --- [main] .d.s.w.r.o.CachingOperationNameGenerator : Generating unique operation named: handleUsingGET_2
2019-12-04 10:04:18.320  INFO 26090 --- [main] .d.s.w.r.o.CachingOperationNameGenerator : Generating unique operation named: handleUsingGET_3
2019-12-04 10:04:18.404  INFO 26090 --- [main] o.s.b.w.embedded.tomcat.TomcatWebServer  : Tomcat started on port(s): 8080 (http) with context path ''
2019-12-04 10:04:18.405  INFO 26090 --- [main] .s.c.n.e.s.EurekaAutoServiceRegistration : Updating port to 8080
2019-12-04 10:04:18.412  INFO 26090 --- [main] c.e.apigateway.ZuulGatewayApplication    : Started ZuulGatewayApplication in 22.983 seconds (JVM running for 29.444)
2019-12-04 10:04:18.795  INFO 26090 --- [RMI TCP Connection(4)-172.16.3.218] o.a.c.c.C.[Tomcat].[localhost].[/]       : Initializing Spring DispatcherServlet 'dispatcherServlet'
2019-12-04 10:04:18.796  INFO 26090 --- [RMI TCP Connection(4)-172.16.3.218] o.s.web.servlet.DispatcherServlet        : Initializing Servlet 'dispatcherServlet'
2019-12-04 10:04:18.812  INFO 26090 --- [RMI TCP Connection(4)-172.16.3.218] o.s.web.servlet.DispatcherServlet        : Completed initialization in 16 ms
2019-12-04 10:04:47.835  INFO 26090 --- [DiscoveryClient-CacheRefreshExecutor-0] com.netflix.discovery.DiscoveryClient    : Disable delta property : false
2019-12-04 10:04:47.837  INFO 26090 --- [DiscoveryClient-CacheRefreshExecutor-0] com.netflix.discovery.DiscoveryClient    : Single vip registry refresh property : null
2019-12-04 10:04:47.838  INFO 26090 --- [DiscoveryClient-CacheRefreshExecutor-0] com.netflix.discovery.DiscoveryClient    : Force full registry fetch : false
2019-12-04 10:04:47.838  INFO 26090 --- [DiscoveryClient-CacheRefreshExecutor-0] com.netflix.discovery.DiscoveryClient    : Application is null : false
2019-12-04 10:04:47.838  INFO 26090 --- [DiscoveryClient-CacheRefreshExecutor-0] com.netflix.discovery.DiscoveryClient    : Registered Applications size is zero : true
2019-12-04 10:04:47.838  INFO 26090 --- [DiscoveryClient-CacheRefreshExecutor-0] com.netflix.discovery.DiscoveryClient    : Application version is -1: false
2019-12-04 10:04:47.838  INFO 26090 --- [DiscoveryClient-CacheRefreshExecutor-0] com.netflix.discovery.DiscoveryClient    : Getting all instance registry info from the eureka server
2019-12-04 10:04:47.952  INFO 26090 --- [DiscoveryClient-CacheRefreshExecutor-0] com.netflix.discovery.DiscoveryClient    : The response status is 200
2019-12-04 10:09:17.550  INFO 26090 --- [AsyncResolver-bootstrap-executor-0] c.n.d.s.r.aws.ConfigClusterResolver      : Resolving eureka endpoints via configuration
2019-12-04 10:14:17.567  INFO 26090 --- [AsyncResolver-bootstrap-executor-0] c.n.d.s.r.aws.ConfigClusterResolver      : Resolving eureka endpoints via configuration
2019-12-04 10:19:17.584  INFO 26090 --- [AsyncResolver-bootstrap-executor-0] c.n.d.s.r.aws.ConfigClusterResolver      : Resolving eureka endpoints via configuration
2019-12-04 10:23:18.296 ERROR 26090 --- [DiscoveryClient-HeartbeatExecutor-0] com.netflix.discovery.DiscoveryClient    : DiscoveryClient_API-GATEWAY/172.16.3.218:api-gateway - was unable to send heartbeat!

java.lang.NoSuchMethodError: com.netflix.servo.monitor.Monitors.isObjectRegistered(Ljava/lang/String;Ljava/lang/Object;)Z
	at com.netflix.discovery.shared.transport.decorator.RetryableEurekaHttpClient.shutdown(RetryableEurekaHttpClient.java:92) ~[eureka-client-1.9.13.jar:1.9.13]
	at com.netflix.discovery.shared.transport.TransportUtils.shutdown(TransportUtils.java:40) ~[eureka-client-1.9.13.jar:1.9.13]
	at com.netflix.discovery.shared.transport.decorator.SessionedEurekaHttpClient.execute(SessionedEurekaHttpClient.java:70) ~[eureka-client-1.9.13.jar:1.9.13]
	at com.netflix.discovery.shared.transport.decorator.EurekaHttpClientDecorator.sendHeartBeat(EurekaHttpClientDecorator.java:89) ~[eureka-client-1.9.13.jar:1.9.13]
	at com.netflix.discovery.DiscoveryClient.renew(DiscoveryClient.java:864) ~[eureka-client-1.9.13.jar:1.9.13]
	at com.netflix.discovery.DiscoveryClient$HeartbeatThread.run(DiscoveryClient.java:1423) [eureka-client-1.9.13.jar:1.9.13]
	at java.util.concurrent.Executors$RunnableAdapter.call(Executors.java:511) [na:1.8.0_221]
	at java.util.concurrent.FutureTask.run(FutureTask.java:266) [na:1.8.0_221]
	at java.util.concurrent.ThreadPoolExecutor.runWorker(ThreadPoolExecutor.java:1149) [na:1.8.0_221]
	at java.util.concurrent.ThreadPoolExecutor$Worker.run(ThreadPoolExecutor.java:624) [na:1.8.0_221]
	at java.lang.Thread.run(Thread.java:748) [na:1.8.0_221]

2019-12-04 10:24:17.608  INFO 26090 --- [AsyncResolver-bootstrap-executor-0] c.n.d.s.r.aws.ConfigClusterResolver      : Resolving eureka endpoints via configuration
2019-12-04 10:29:17.646  INFO 26090 --- [AsyncResolver-bootstrap-executor-0] c.n.d.s.r.aws.ConfigClusterResolver      : Resolving eureka endpoints via configuration
2019-12-04 10:33:48.628 ERROR 26090 --- [DiscoveryClient-CacheRefreshExecutor-0] com.netflix.discovery.DiscoveryClient    : DiscoveryClient_API-GATEWAY/172.16.3.218:api-gateway - was unable to refresh its cache! status = com.netflix.servo.monitor.Monitors.isObjectRegistered(Ljava/lang/String;Ljava/lang/Object;)Z

java.lang.NoSuchMethodError: com.netflix.servo.monitor.Monitors.isObjectRegistered(Ljava/lang/String;Ljava/lang/Object;)Z
	at com.netflix.discovery.shared.transport.decorator.RetryableEurekaHttpClient.shutdown(RetryableEurekaHttpClient.java:92) ~[eureka-client-1.9.13.jar:1.9.13]
	at com.netflix.discovery.shared.transport.TransportUtils.shutdown(TransportUtils.java:40) ~[eureka-client-1.9.13.jar:1.9.13]
	at com.netflix.discovery.shared.transport.decorator.SessionedEurekaHttpClient.execute(SessionedEurekaHttpClient.java:70) ~[eureka-client-1.9.13.jar:1.9.13]
	at com.netflix.discovery.shared.transport.decorator.EurekaHttpClientDecorator.getDelta(EurekaHttpClientDecorator.java:149) ~[eureka-client-1.9.13.jar:1.9.13]
	at com.netflix.discovery.DiscoveryClient.getAndUpdateDelta(DiscoveryClient.java:1103) [eureka-client-1.9.13.jar:1.9.13]
	at com.netflix.discovery.DiscoveryClient.fetchRegistry(DiscoveryClient.java:985) [eureka-client-1.9.13.jar:1.9.13]
	at com.netflix.discovery.DiscoveryClient.refreshRegistry(DiscoveryClient.java:1497) [eureka-client-1.9.13.jar:1.9.13]
	at com.netflix.discovery.DiscoveryClient$CacheRefreshThread.run(DiscoveryClient.java:1464) [eureka-client-1.9.13.jar:1.9.13]
	at java.util.concurrent.Executors$RunnableAdapter.call(Executors.java:511) [na:1.8.0_221]
	at java.util.concurrent.FutureTask.run(FutureTask.java:266) [na:1.8.0_221]
	at java.util.concurrent.ThreadPoolExecutor.runWorker(ThreadPoolExecutor.java:1149) [na:1.8.0_221]
	at java.util.concurrent.ThreadPoolExecutor$Worker.run(ThreadPoolExecutor.java:624) [na:1.8.0_221]
	at java.lang.Thread.run(Thread.java:748) [na:1.8.0_221]

2019-12-04 10:34:17.664  INFO 26090 --- [AsyncResolver-bootstrap-executor-0] c.n.d.s.r.aws.ConfigClusterResolver      : Resolving eureka endpoints via configuration
2019-12-04 10:38:57.173  INFO 27984 --- [main] c.e.a.ZuulGatewayApplicationTests        : The following profiles are active: local
2019-12-04 10:39:10.803  INFO 27984 --- [main] .s.d.r.c.RepositoryConfigurationDelegate : Bootstrapping Spring Data repositories in DEFAULT mode.
2019-12-04 10:39:10.922  INFO 27984 --- [main] .s.d.r.c.RepositoryConfigurationDelegate : Finished Spring Data repository scanning in 79ms. Found 0 repository interfaces.
2019-12-04 10:39:12.228  WARN 27984 --- [main] o.s.boot.actuate.endpoint.EndpointId     : Endpoint ID 'service-registry' contains invalid characters, please migrate to a valid format.
2019-12-04 10:39:12.319  WARN 27984 --- [main] o.s.boot.actuate.endpoint.EndpointId     : Endpoint ID 'hystrix.stream' contains invalid characters, please migrate to a valid format.
2019-12-04 10:39:16.934  INFO 27984 --- [main] o.s.cloud.context.scope.GenericScope     : BeanFactory id=75348061-8303-37d5-96cb-90994422c857
2019-12-04 10:39:17.681  INFO 26090 --- [AsyncResolver-bootstrap-executor-0] c.n.d.s.r.aws.ConfigClusterResolver      : Resolving eureka endpoints via configuration
2019-12-04 10:39:19.069  INFO 27984 --- [main] trationDelegate$BeanPostProcessorChecker : Bean 'org.springframework.transaction.annotation.ProxyTransactionManagementConfiguration' of type [org.springframework.transaction.annotation.ProxyTransactionManagementConfiguration$$EnhancerBySpringCGLIB$$48b6d193] is not eligible for getting processed by all BeanPostProcessors (for example: not eligible for auto-proxying)
2019-12-04 10:39:21.405  INFO 27984 --- [main] trationDelegate$BeanPostProcessorChecker : Bean 'org.springframework.cloud.autoconfigure.ConfigurationPropertiesRebinderAutoConfiguration' of type [org.springframework.cloud.autoconfigure.ConfigurationPropertiesRebinderAutoConfiguration$$EnhancerBySpringCGLIB$$64d0d490] is not eligible for getting processed by all BeanPostProcessors (for example: not eligible for auto-proxying)
2019-12-04 10:39:24.983  INFO 27984 --- [main] com.zaxxer.hikari.HikariDataSource       : HikariPool-1 - Starting...
2019-12-04 10:39:25.922  INFO 27984 --- [main] com.zaxxer.hikari.HikariDataSource       : HikariPool-1 - Start completed.
2019-12-04 10:39:26.617  INFO 27984 --- [main] o.hibernate.jpa.internal.util.LogHelper  : HHH000204: Processing PersistenceUnitInfo [
	name: default
	...]
2019-12-04 10:39:27.160  INFO 27984 --- [main] org.hibernate.Version                    : HHH000412: Hibernate Core {5.3.10.Final}
2019-12-04 10:39:27.192  INFO 27984 --- [main] org.hibernate.cfg.Environment            : HHH000206: hibernate.properties not found
2019-12-04 10:39:28.024  INFO 27984 --- [main] o.hibernate.annotations.common.Version   : HCANN000001: Hibernate Commons Annotations {5.0.4.Final}
2019-12-04 10:39:29.196  INFO 27984 --- [main] org.hibernate.dialect.Dialect            : HHH000400: Using dialect: org.hibernate.dialect.PostgreSQLDialect
2019-12-04 10:39:29.331  INFO 27984 --- [main] o.h.e.j.e.i.LobCreatorBuilderImpl        : HHH000422: Disabling contextual LOB creation as connection was null
2019-12-04 10:39:29.361  INFO 27984 --- [main] org.hibernate.type.BasicTypeRegistry     : HHH000270: Type registration [java.util.UUID] overrides previous : org.hibernate.type.UUIDBinaryType@220e1b7b
2019-12-04 10:39:30.448  INFO 27984 --- [main] j.LocalContainerEntityManagerFactoryBean : Initialized JPA EntityManagerFactory for persistence unit 'default'
2019-12-04 10:39:31.748  WARN 27984 --- [main] c.n.c.sources.URLConfigurationSource     : No URLs will be polled as dynamic configuration sources.
2019-12-04 10:39:31.748  INFO 27984 --- [main] c.n.c.sources.URLConfigurationSource     : To enable URLs as dynamic configuration sources, define System property archaius.configurationSource.additionalUrls or make config.properties available on classpath.
2019-12-04 10:39:31.814  INFO 27984 --- [main] c.netflix.config.DynamicPropertyFactory  : DynamicPropertyFactory is initialized with configuration sources: com.netflix.config.ConcurrentCompositeConfiguration@77e1b84c
2019-12-04 10:39:34.612  WARN 27984 --- [main] aWebConfiguration$JpaWebMvcConfiguration : spring.jpa.open-in-view is enabled by default. Therefore, database queries may be performed during view rendering. Explicitly configure spring.jpa.open-in-view to disable this warning
2019-12-04 10:39:38.105  INFO 27984 --- [main] o.s.b.a.e.web.EndpointLinksResolver      : Exposing 2 endpoint(s) beneath base path '/actuator'
2019-12-04 10:39:40.959  INFO 27984 --- [main] o.s.s.web.DefaultSecurityFilterChain     : Creating filter chain: any request, [org.springframework.security.web.context.request.async.WebAsyncManagerIntegrationFilter@34de8c9f, org.springframework.security.web.context.SecurityContextPersistenceFilter@9742012, org.springframework.security.web.header.HeaderWriterFilter@f0deba2, org.springframework.web.filter.CorsFilter@137a70f1, org.springframework.security.web.authentication.logout.LogoutFilter@332fc35c, com.example.apigateway.config.JwtRequestFilter@4d204b30, org.springframework.security.web.authentication.www.BasicAuthenticationFilter@17e2ad13, org.springframework.security.web.savedrequest.RequestCacheAwareFilter@39ff4421, org.springframework.security.web.servletapi.SecurityContextHolderAwareRequestFilter@1b3b5252, org.springframework.security.web.authentication.AnonymousAuthenticationFilter@5f1bd673, org.springframework.security.web.session.SessionManagementFilter@1611ce1c, org.springframework.security.web.access.ExceptionTranslationFilter@4c663fda, org.springframework.security.web.access.intercept.FilterSecurityInterceptor@6d224921]
2019-12-04 10:39:42.294  WARN 27984 --- [main] c.n.c.sources.URLConfigurationSource     : No URLs will be polled as dynamic configuration sources.
2019-12-04 10:39:42.297  INFO 27984 --- [main] c.n.c.sources.URLConfigurationSource     : To enable URLs as dynamic configuration sources, define System property archaius.configurationSource.additionalUrls or make config.properties available on classpath.
2019-12-04 10:39:45.951  INFO 27984 --- [main] o.s.s.concurrent.ThreadPoolTaskExecutor  : Initializing ExecutorService 'applicationTaskExecutor'
2019-12-04 10:39:54.613  INFO 27984 --- [main] o.s.c.n.zuul.ZuulFilterInitializer       : Starting filter initializer
2019-12-04 10:39:55.038  INFO 27984 --- [main] d.s.w.p.DocumentationPluginsBootstrapper : Context refreshed
2019-12-04 10:39:55.275  INFO 27984 --- [main] d.s.w.p.DocumentationPluginsBootstrapper : Found 1 custom documentation plugin(s)
2019-12-04 10:39:55.427  INFO 27984 --- [main] s.d.s.w.s.ApiListingReferenceScanner     : Scanning for api listing references
2019-12-04 10:39:56.851  INFO 27984 --- [main] .d.s.w.r.o.CachingOperationNameGenerator : Generating unique operation named: handleUsingGET_1
2019-12-04 10:39:56.870  INFO 27984 --- [main] .d.s.w.r.o.CachingOperationNameGenerator : Generating unique operation named: handleUsingGET_2
2019-12-04 10:39:56.893  INFO 27984 --- [main] .d.s.w.r.o.CachingOperationNameGenerator : Generating unique operation named: handleUsingGET_3
2019-12-04 10:39:57.301  INFO 27984 --- [main] o.s.c.n.eureka.InstanceInfoFactory       : Setting initial instance status as: STARTING
2019-12-04 10:39:57.581  INFO 27984 --- [main] com.netflix.discovery.DiscoveryClient    : Initializing Eureka in region us-east-1
2019-12-04 10:39:57.974  INFO 27984 --- [main] c.n.d.provider.DiscoveryJerseyProvider   : Using JSON encoding codec LegacyJacksonJson
2019-12-04 10:39:57.974  INFO 27984 --- [main] c.n.d.provider.DiscoveryJerseyProvider   : Using JSON decoding codec LegacyJacksonJson
2019-12-04 10:39:59.121  INFO 27984 --- [main] c.n.d.provider.DiscoveryJerseyProvider   : Using XML encoding codec XStreamXml
2019-12-04 10:39:59.122  INFO 27984 --- [main] c.n.d.provider.DiscoveryJerseyProvider   : Using XML decoding codec XStreamXml
2019-12-04 10:40:00.504  INFO 27984 --- [main] c.n.d.s.r.aws.ConfigClusterResolver      : Resolving eureka endpoints via configuration
2019-12-04 10:40:00.667  INFO 27984 --- [main] com.netflix.discovery.DiscoveryClient    : Disable delta property : false
2019-12-04 10:40:00.668  INFO 27984 --- [main] com.netflix.discovery.DiscoveryClient    : Single vip registry refresh property : null
2019-12-04 10:40:00.668  INFO 27984 --- [main] com.netflix.discovery.DiscoveryClient    : Force full registry fetch : false
2019-12-04 10:40:00.669  INFO 27984 --- [main] com.netflix.discovery.DiscoveryClient    : Application is null : false
2019-12-04 10:40:00.669  INFO 27984 --- [main] com.netflix.discovery.DiscoveryClient    : Registered Applications size is zero : true
2019-12-04 10:40:00.669  INFO 27984 --- [main] com.netflix.discovery.DiscoveryClient    : Application version is -1: true
2019-12-04 10:40:00.670  INFO 27984 --- [main] com.netflix.discovery.DiscoveryClient    : Getting all instance registry info from the eureka server
2019-12-04 10:40:01.753  INFO 27984 --- [main] com.netflix.discovery.DiscoveryClient    : The response status is 200
2019-12-04 10:40:01.791  INFO 27984 --- [main] com.netflix.discovery.DiscoveryClient    : Starting heartbeat executor: renew interval is: 30
2019-12-04 10:40:01.798  INFO 27984 --- [main] c.n.discovery.InstanceInfoReplicator     : InstanceInfoReplicator onDemand update allowed rate per min is 4
2019-12-04 10:40:01.809  INFO 27984 --- [main] com.netflix.discovery.DiscoveryClient    : Discovery Client initialized at timestamp 1575474001807 with initial instances count: 2
2019-12-04 10:40:01.899  INFO 27984 --- [main] c.e.a.ZuulGatewayApplicationTests        : Started ZuulGatewayApplicationTests in 81.403 seconds (JVM running for 112.112)
2019-12-04 10:40:02.196  INFO 27984 --- [Thread-10] o.s.c.n.e.s.EurekaServiceRegistry        : Unregistering application API-GATEWAY with eureka with status DOWN
2019-12-04 10:40:02.200  WARN 27984 --- [Thread-10] com.netflix.discovery.DiscoveryClient    : Saw local status change event StatusChangeEvent [timestamp=1575474002200, current=DOWN, previous=STARTING]
2019-12-04 10:40:02.207  INFO 27984 --- [DiscoveryClient-InstanceInfoReplicator-0] com.netflix.discovery.DiscoveryClient    : DiscoveryClient_API-GATEWAY/172.16.3.218:api-gateway:-1: registering service...
2019-12-04 10:40:02.212  INFO 27984 --- [Thread-10] o.s.c.n.zuul.ZuulFilterInitializer       : Stopping filter initializer
2019-12-04 10:40:02.222  INFO 27984 --- [Thread-10] o.s.s.concurrent.ThreadPoolTaskExecutor  : Shutting down ExecutorService 'applicationTaskExecutor'
2019-12-04 10:40:02.250  INFO 27984 --- [DiscoveryClient-InstanceInfoReplicator-0] com.netflix.discovery.DiscoveryClient    : DiscoveryClient_API-GATEWAY/172.16.3.218:api-gateway:-1 - registration status: 204
2019-12-04 10:40:02.268  INFO 27984 --- [Thread-10] j.LocalContainerEntityManagerFactoryBean : Closing JPA EntityManagerFactory for persistence unit 'default'
2019-12-04 10:40:02.276  INFO 27984 --- [Thread-10] com.netflix.discovery.DiscoveryClient    : Shutting down DiscoveryClient ...
2019-12-04 10:40:05.288  INFO 27984 --- [Thread-10] com.netflix.discovery.DiscoveryClient    : Unregistering ...
2019-12-04 10:40:05.331  INFO 27984 --- [Thread-10] com.netflix.discovery.DiscoveryClient    : DiscoveryClient_API-GATEWAY/172.16.3.218:api-gateway:-1 - deregister  status: 200
2019-12-04 10:40:05.331  WARN 27984 --- [Thread-10] .s.c.a.CommonAnnotationBeanPostProcessor : Destroy method on bean with name 'scopedTarget.eurekaClient' threw an exception: java.lang.NoSuchMethodError: com.netflix.servo.monitor.Monitors.isObjectRegistered(Ljava/lang/String;Ljava/lang/Object;)Z
2019-12-04 10:40:05.332  INFO 27984 --- [Thread-10] com.zaxxer.hikari.HikariDataSource       : HikariPool-1 - Shutdown initiated...
2019-12-04 10:40:05.349  INFO 27984 --- [Thread-10] com.zaxxer.hikari.HikariDataSource       : HikariPool-1 - Shutdown completed.
