2019-12-04 10:07:02.188  INFO 26266 --- [main] com.example.postapi.PostsApiApplication  : The following profiles are active: local
2019-12-04 10:07:03.054  INFO 26266 --- [main] .s.d.r.c.RepositoryConfigurationDelegate : Bootstrapping Spring Data repositories in DEFAULT mode.
2019-12-04 10:07:03.111  INFO 26266 --- [main] .s.d.r.c.RepositoryConfigurationDelegate : Finished Spring Data repository scanning in 49ms. Found 1 repository interfaces.
2019-12-04 10:07:03.394  INFO 26266 --- [main] o.s.cloud.context.scope.GenericScope     : BeanFactory id=90de83f0-814c-388e-a5ba-adb161eaa958
2019-12-04 10:07:03.535  INFO 26266 --- [main] trationDelegate$BeanPostProcessorChecker : Bean 'org.springframework.transaction.annotation.ProxyTransactionManagementConfiguration' of type [org.springframework.transaction.annotation.ProxyTransactionManagementConfiguration] is not eligible for getting processed by all BeanPostProcessors (for example: not eligible for auto-proxying)
2019-12-04 10:07:03.570  INFO 26266 --- [main] trationDelegate$BeanPostProcessorChecker : Bean 'org.springframework.cloud.autoconfigure.ConfigurationPropertiesRebinderAutoConfiguration' of type [org.springframework.cloud.autoconfigure.ConfigurationPropertiesRebinderAutoConfiguration$$EnhancerBySpringCGLIB$$738c003a] is not eligible for getting processed by all BeanPostProcessors (for example: not eligible for auto-proxying)
2019-12-04 10:07:03.795  INFO 26266 --- [main] o.s.b.w.embedded.tomcat.TomcatWebServer  : Tomcat initialized with port(s): 8083 (http)
2019-12-04 10:07:03.803  INFO 26266 --- [main] o.apache.catalina.core.StandardService   : Starting service [Tomcat]
2019-12-04 10:07:03.803  INFO 26266 --- [main] org.apache.catalina.core.StandardEngine  : Starting Servlet engine: [Apache Tomcat/9.0.27]
2019-12-04 10:07:03.924  INFO 26266 --- [main] o.a.c.c.C.[Tomcat].[localhost].[/]       : Initializing Spring embedded WebApplicationContext
2019-12-04 10:07:03.924  INFO 26266 --- [main] o.s.web.context.ContextLoader            : Root WebApplicationContext: initialization completed in 1705 ms
2019-12-04 10:07:04.320  INFO 26266 --- [main] o.hibernate.jpa.internal.util.LogHelper  : HHH000204: Processing PersistenceUnitInfo [name: default]
2019-12-04 10:07:04.385  INFO 26266 --- [main] org.hibernate.Version                    : HHH000412: Hibernate Core {5.4.8.Final}
2019-12-04 10:07:04.483  INFO 26266 --- [main] o.hibernate.annotations.common.Version   : HCANN000001: Hibernate Commons Annotations {5.1.0.Final}
2019-12-04 10:07:04.595  INFO 26266 --- [main] org.hibernate.dialect.Dialect            : HHH000400: Using dialect: org.hibernate.dialect.PostgreSQLDialect
2019-12-04 10:07:05.174  INFO 26266 --- [main] com.zaxxer.hikari.HikariDataSource       : HikariPool-1 - Starting...
2019-12-04 10:07:05.309  INFO 26266 --- [main] com.zaxxer.hikari.HikariDataSource       : HikariPool-1 - Start completed.
2019-12-04 10:07:05.389  INFO 26266 --- [main] o.h.e.t.j.p.i.JtaPlatformInitiator       : HHH000490: Using JtaPlatform implementation: [org.hibernate.engine.transaction.jta.platform.internal.NoJtaPlatform]
2019-12-04 10:07:05.405  INFO 26266 --- [main] j.LocalContainerEntityManagerFactoryBean : Initialized JPA EntityManagerFactory for persistence unit 'default'
2019-12-04 10:07:05.943  WARN 26266 --- [main] JpaBaseConfiguration$JpaWebConfiguration : spring.jpa.open-in-view is enabled by default. Therefore, database queries may be performed during view rendering. Explicitly configure spring.jpa.open-in-view to disable this warning
2019-12-04 10:07:06.340  WARN 26266 --- [main] c.n.c.sources.URLConfigurationSource     : No URLs will be polled as dynamic configuration sources.
2019-12-04 10:07:06.340  INFO 26266 --- [main] c.n.c.sources.URLConfigurationSource     : To enable URLs as dynamic configuration sources, define System property archaius.configurationSource.additionalUrls or make config.properties available on classpath.
2019-12-04 10:07:06.343  WARN 26266 --- [main] c.n.c.sources.URLConfigurationSource     : No URLs will be polled as dynamic configuration sources.
2019-12-04 10:07:06.344  INFO 26266 --- [main] c.n.c.sources.URLConfigurationSource     : To enable URLs as dynamic configuration sources, define System property archaius.configurationSource.additionalUrls or make config.properties available on classpath.
2019-12-04 10:07:06.463  INFO 26266 --- [main] o.s.s.concurrent.ThreadPoolTaskExecutor  : Initializing ExecutorService 'applicationTaskExecutor'
2019-12-04 10:07:06.812  INFO 26266 --- [main] .s.s.UserDetailsServiceAutoConfiguration : 

Using generated security password: 8c97a0ea-1a09-4713-92e2-f5efa2f5ab75

2019-12-04 10:07:06.927  INFO 26266 --- [main] o.s.s.web.DefaultSecurityFilterChain     : Creating filter chain: any request, [org.springframework.security.web.context.request.async.WebAsyncManagerIntegrationFilter@31183ee2, org.springframework.security.web.context.SecurityContextPersistenceFilter@783dc0e7, org.springframework.security.web.header.HeaderWriterFilter@1d2d4d7a, org.springframework.security.web.csrf.CsrfFilter@16944b58, org.springframework.security.web.authentication.logout.LogoutFilter@49b9ba6a, org.springframework.security.web.authentication.UsernamePasswordAuthenticationFilter@6f9a3325, org.springframework.security.web.authentication.ui.DefaultLoginPageGeneratingFilter@3c2dda7c, org.springframework.security.web.authentication.ui.DefaultLogoutPageGeneratingFilter@63f3366a, org.springframework.security.web.authentication.www.BasicAuthenticationFilter@3684d2c0, org.springframework.security.web.savedrequest.RequestCacheAwareFilter@1d9ff1e2, org.springframework.security.web.servletapi.SecurityContextHolderAwareRequestFilter@72e36677, org.springframework.security.web.authentication.AnonymousAuthenticationFilter@37e491e2, org.springframework.security.web.session.SessionManagementFilter@4bbc02ef, org.springframework.security.web.access.ExceptionTranslationFilter@3815a7d1, org.springframework.security.web.access.intercept.FilterSecurityInterceptor@c87787d]
2019-12-04 10:07:07.428  INFO 26266 --- [main] o.s.c.n.eureka.InstanceInfoFactory       : Setting initial instance status as: STARTING
2019-12-04 10:07:07.465  INFO 26266 --- [main] com.netflix.discovery.DiscoveryClient    : Initializing Eureka in region us-east-1
2019-12-04 10:07:07.662  INFO 26266 --- [main] c.n.d.provider.DiscoveryJerseyProvider   : Using JSON encoding codec LegacyJacksonJson
2019-12-04 10:07:07.662  INFO 26266 --- [main] c.n.d.provider.DiscoveryJerseyProvider   : Using JSON decoding codec LegacyJacksonJson
2019-12-04 10:07:07.774  INFO 26266 --- [main] c.n.d.provider.DiscoveryJerseyProvider   : Using XML encoding codec XStreamXml
2019-12-04 10:07:07.776  INFO 26266 --- [main] c.n.d.provider.DiscoveryJerseyProvider   : Using XML decoding codec XStreamXml
2019-12-04 10:07:07.973  INFO 26266 --- [main] c.n.d.s.r.aws.ConfigClusterResolver      : Resolving eureka endpoints via configuration
2019-12-04 10:07:07.991  INFO 26266 --- [main] com.netflix.discovery.DiscoveryClient    : Disable delta property : false
2019-12-04 10:07:07.992  INFO 26266 --- [main] com.netflix.discovery.DiscoveryClient    : Single vip registry refresh property : null
2019-12-04 10:07:07.992  INFO 26266 --- [main] com.netflix.discovery.DiscoveryClient    : Force full registry fetch : false
2019-12-04 10:07:07.992  INFO 26266 --- [main] com.netflix.discovery.DiscoveryClient    : Application is null : false
2019-12-04 10:07:07.992  INFO 26266 --- [main] com.netflix.discovery.DiscoveryClient    : Registered Applications size is zero : true
2019-12-04 10:07:07.992  INFO 26266 --- [main] com.netflix.discovery.DiscoveryClient    : Application version is -1: true
2019-12-04 10:07:07.993  INFO 26266 --- [main] com.netflix.discovery.DiscoveryClient    : Getting all instance registry info from the eureka server
2019-12-04 10:07:08.202  INFO 26266 --- [main] com.netflix.discovery.DiscoveryClient    : The response status is 200
2019-12-04 10:07:08.205  INFO 26266 --- [main] com.netflix.discovery.DiscoveryClient    : Starting heartbeat executor: renew interval is: 30
2019-12-04 10:07:08.209  INFO 26266 --- [main] c.n.discovery.InstanceInfoReplicator     : InstanceInfoReplicator onDemand update allowed rate per min is 4
2019-12-04 10:07:08.214  INFO 26266 --- [main] com.netflix.discovery.DiscoveryClient    : Discovery Client initialized at timestamp 1575472028213 with initial instances count: 3
2019-12-04 10:07:08.217  INFO 26266 --- [main] o.s.c.n.e.s.EurekaServiceRegistry        : Registering application POSTS with eureka with status UP
2019-12-04 10:07:08.218  INFO 26266 --- [main] com.netflix.discovery.DiscoveryClient    : Saw local status change event StatusChangeEvent [timestamp=1575472028218, current=UP, previous=STARTING]
2019-12-04 10:07:08.220  INFO 26266 --- [DiscoveryClient-InstanceInfoReplicator-0] com.netflix.discovery.DiscoveryClient    : DiscoveryClient_POSTS/172.16.3.218:posts:8083: registering service...
2019-12-04 10:07:08.221  INFO 26266 --- [main] d.s.w.p.DocumentationPluginsBootstrapper : Context refreshed
2019-12-04 10:07:08.288  INFO 26266 --- [main] d.s.w.p.DocumentationPluginsBootstrapper : Found 1 custom documentation plugin(s)
2019-12-04 10:07:08.308  INFO 26266 --- [DiscoveryClient-InstanceInfoReplicator-0] com.netflix.discovery.DiscoveryClient    : DiscoveryClient_POSTS/172.16.3.218:posts:8083 - registration status: 204
2019-12-04 10:07:08.319  INFO 26266 --- [main] s.d.s.w.s.ApiListingReferenceScanner     : Scanning for api listing references
2019-12-04 10:07:08.676  INFO 26266 --- [main] o.s.b.w.embedded.tomcat.TomcatWebServer  : Tomcat started on port(s): 8083 (http) with context path ''
2019-12-04 10:07:08.678  INFO 26266 --- [main] .s.c.n.e.s.EurekaAutoServiceRegistration : Updating port to 8083
2019-12-04 10:07:08.681  INFO 26266 --- [main] com.example.postapi.PostsApiApplication  : Started PostsApiApplication in 17.445 seconds (JVM running for 24.617)
2019-12-04 10:12:08.011  INFO 26266 --- [AsyncResolver-bootstrap-executor-0] c.n.d.s.r.aws.ConfigClusterResolver      : Resolving eureka endpoints via configuration
2019-12-04 10:17:08.026  INFO 26266 --- [AsyncResolver-bootstrap-executor-0] c.n.d.s.r.aws.ConfigClusterResolver      : Resolving eureka endpoints via configuration
2019-12-04 10:22:08.045  INFO 26266 --- [AsyncResolver-bootstrap-executor-0] c.n.d.s.r.aws.ConfigClusterResolver      : Resolving eureka endpoints via configuration
2019-12-04 10:27:08.095  INFO 26266 --- [AsyncResolver-bootstrap-executor-0] c.n.d.s.r.aws.ConfigClusterResolver      : Resolving eureka endpoints via configuration
2019-12-04 10:32:08.112  INFO 26266 --- [AsyncResolver-bootstrap-executor-0] c.n.d.s.r.aws.ConfigClusterResolver      : Resolving eureka endpoints via configuration
2019-12-04 10:37:08.126  INFO 26266 --- [AsyncResolver-bootstrap-executor-0] c.n.d.s.r.aws.ConfigClusterResolver      : Resolving eureka endpoints via configuration
2019-12-04 10:42:08.143  INFO 26266 --- [AsyncResolver-bootstrap-executor-0] c.n.d.s.r.aws.ConfigClusterResolver      : Resolving eureka endpoints via configuration
