2019-12-04 10:05:15.603  INFO 26152 --- [main] c.example.usersapi.UsersApiApplication   : The following profiles are active: local
2019-12-04 10:05:17.035  INFO 26152 --- [main] .s.d.r.c.RepositoryConfigurationDelegate : Bootstrapping Spring Data repositories in DEFAULT mode.
2019-12-04 10:05:17.141  INFO 26152 --- [main] .s.d.r.c.RepositoryConfigurationDelegate : Finished Spring Data repository scanning in 92ms. Found 3 repository interfaces.
2019-12-04 10:05:17.494  INFO 26152 --- [main] o.s.cloud.context.scope.GenericScope     : BeanFactory id=890c7434-0fd9-3291-8ad8-de0a3cfebf40
2019-12-04 10:05:17.618  INFO 26152 --- [main] trationDelegate$BeanPostProcessorChecker : Bean 'org.springframework.transaction.annotation.ProxyTransactionManagementConfiguration' of type [org.springframework.transaction.annotation.ProxyTransactionManagementConfiguration$$EnhancerBySpringCGLIB$$d5b37a78] is not eligible for getting processed by all BeanPostProcessors (for example: not eligible for auto-proxying)
2019-12-04 10:05:17.652  INFO 26152 --- [main] trationDelegate$BeanPostProcessorChecker : Bean 'org.springframework.cloud.autoconfigure.ConfigurationPropertiesRebinderAutoConfiguration' of type [org.springframework.cloud.autoconfigure.ConfigurationPropertiesRebinderAutoConfiguration$$EnhancerBySpringCGLIB$$f1cd7d75] is not eligible for getting processed by all BeanPostProcessors (for example: not eligible for auto-proxying)
2019-12-04 10:05:17.915  INFO 26152 --- [main] o.s.b.w.embedded.tomcat.TomcatWebServer  : Tomcat initialized with port(s): 8081 (http)
2019-12-04 10:05:17.945  INFO 26152 --- [main] o.apache.catalina.core.StandardService   : Starting service [Tomcat]
2019-12-04 10:05:17.946  INFO 26152 --- [main] org.apache.catalina.core.StandardEngine  : Starting Servlet engine: [Apache Tomcat/9.0.22]
2019-12-04 10:05:18.108  INFO 26152 --- [main] o.a.c.c.C.[Tomcat].[localhost].[/]       : Initializing Spring embedded WebApplicationContext
2019-12-04 10:05:18.109  INFO 26152 --- [main] o.s.web.context.ContextLoader            : Root WebApplicationContext: initialization completed in 2481 ms
2019-12-04 10:05:18.409  INFO 26152 --- [main] com.zaxxer.hikari.HikariDataSource       : HikariPool-1 - Starting...
2019-12-04 10:05:18.684  INFO 26152 --- [main] com.zaxxer.hikari.HikariDataSource       : HikariPool-1 - Start completed.
2019-12-04 10:05:18.752  INFO 26152 --- [main] o.hibernate.jpa.internal.util.LogHelper  : HHH000204: Processing PersistenceUnitInfo [
	name: default
	...]
2019-12-04 10:05:18.828  INFO 26152 --- [main] org.hibernate.Version                    : HHH000412: Hibernate Core {5.3.10.Final}
2019-12-04 10:05:18.831  INFO 26152 --- [main] org.hibernate.cfg.Environment            : HHH000206: hibernate.properties not found
2019-12-04 10:05:19.054  INFO 26152 --- [main] o.hibernate.annotations.common.Version   : HCANN000001: Hibernate Commons Annotations {5.0.4.Final}
2019-12-04 10:05:19.213  INFO 26152 --- [main] org.hibernate.dialect.Dialect            : HHH000400: Using dialect: org.hibernate.dialect.PostgreSQLDialect
2019-12-04 10:05:19.238  INFO 26152 --- [main] o.h.e.j.e.i.LobCreatorBuilderImpl        : HHH000422: Disabling contextual LOB creation as connection was null
2019-12-04 10:05:19.249  INFO 26152 --- [main] org.hibernate.type.BasicTypeRegistry     : HHH000270: Type registration [java.util.UUID] overrides previous : org.hibernate.type.UUIDBinaryType@36ef1d65
2019-12-04 10:05:20.519  INFO 26152 --- [main] o.h.t.schema.internal.SchemaCreatorImpl  : HHH000476: Executing import script 'org.hibernate.tool.schema.internal.exec.ScriptSourceInputNonExistentImpl@65859b44'
2019-12-04 10:05:20.532  INFO 26152 --- [main] j.LocalContainerEntityManagerFactoryBean : Initialized JPA EntityManagerFactory for persistence unit 'default'
2019-12-04 10:05:21.760  WARN 26152 --- [main] aWebConfiguration$JpaWebMvcConfiguration : spring.jpa.open-in-view is enabled by default. Therefore, database queries may be performed during view rendering. Explicitly configure spring.jpa.open-in-view to disable this warning
2019-12-04 10:05:21.929  WARN 26152 --- [main] c.n.c.sources.URLConfigurationSource     : No URLs will be polled as dynamic configuration sources.
2019-12-04 10:05:21.930  INFO 26152 --- [main] c.n.c.sources.URLConfigurationSource     : To enable URLs as dynamic configuration sources, define System property archaius.configurationSource.additionalUrls or make config.properties available on classpath.
2019-12-04 10:05:21.935  WARN 26152 --- [main] c.n.c.sources.URLConfigurationSource     : No URLs will be polled as dynamic configuration sources.
2019-12-04 10:05:21.935  INFO 26152 --- [main] c.n.c.sources.URLConfigurationSource     : To enable URLs as dynamic configuration sources, define System property archaius.configurationSource.additionalUrls or make config.properties available on classpath.
2019-12-04 10:05:22.194  INFO 26152 --- [main] o.s.s.concurrent.ThreadPoolTaskExecutor  : Initializing ExecutorService 'applicationTaskExecutor'
2019-12-04 10:05:22.684  INFO 26152 --- [main] o.s.c.n.eureka.InstanceInfoFactory       : Setting initial instance status as: STARTING
2019-12-04 10:05:22.726  INFO 26152 --- [main] com.netflix.discovery.DiscoveryClient    : Initializing Eureka in region us-east-1
2019-12-04 10:05:23.214  INFO 26152 --- [main] c.n.d.provider.DiscoveryJerseyProvider   : Using JSON encoding codec LegacyJacksonJson
2019-12-04 10:05:23.214  INFO 26152 --- [main] c.n.d.provider.DiscoveryJerseyProvider   : Using JSON decoding codec LegacyJacksonJson
2019-12-04 10:05:23.359  INFO 26152 --- [main] c.n.d.provider.DiscoveryJerseyProvider   : Using XML encoding codec XStreamXml
2019-12-04 10:05:23.359  INFO 26152 --- [main] c.n.d.provider.DiscoveryJerseyProvider   : Using XML decoding codec XStreamXml
2019-12-04 10:05:23.586  INFO 26152 --- [main] c.n.d.s.r.aws.ConfigClusterResolver      : Resolving eureka endpoints via configuration
2019-12-04 10:05:23.604  INFO 26152 --- [main] com.netflix.discovery.DiscoveryClient    : Disable delta property : false
2019-12-04 10:05:23.605  INFO 26152 --- [main] com.netflix.discovery.DiscoveryClient    : Single vip registry refresh property : null
2019-12-04 10:05:23.605  INFO 26152 --- [main] com.netflix.discovery.DiscoveryClient    : Force full registry fetch : false
2019-12-04 10:05:23.605  INFO 26152 --- [main] com.netflix.discovery.DiscoveryClient    : Application is null : false
2019-12-04 10:05:23.605  INFO 26152 --- [main] com.netflix.discovery.DiscoveryClient    : Registered Applications size is zero : true
2019-12-04 10:05:23.605  INFO 26152 --- [main] com.netflix.discovery.DiscoveryClient    : Application version is -1: true
2019-12-04 10:05:23.605  INFO 26152 --- [main] com.netflix.discovery.DiscoveryClient    : Getting all instance registry info from the eureka server
2019-12-04 10:05:23.848  INFO 26152 --- [main] com.netflix.discovery.DiscoveryClient    : The response status is 200
2019-12-04 10:05:23.853  INFO 26152 --- [main] com.netflix.discovery.DiscoveryClient    : Starting heartbeat executor: renew interval is: 30
2019-12-04 10:05:23.855  INFO 26152 --- [main] c.n.discovery.InstanceInfoReplicator     : InstanceInfoReplicator onDemand update allowed rate per min is 4
2019-12-04 10:05:23.863  INFO 26152 --- [main] com.netflix.discovery.DiscoveryClient    : Discovery Client initialized at timestamp 1575471923861 with initial instances count: 1
2019-12-04 10:05:23.871  INFO 26152 --- [main] o.s.c.n.e.s.EurekaServiceRegistry        : Registering application USERS with eureka with status UP
2019-12-04 10:05:23.872  INFO 26152 --- [main] com.netflix.discovery.DiscoveryClient    : Saw local status change event StatusChangeEvent [timestamp=1575471923872, current=UP, previous=STARTING]
2019-12-04 10:05:23.877  INFO 26152 --- [main] d.s.w.p.DocumentationPluginsBootstrapper : Context refreshed
2019-12-04 10:05:23.876  INFO 26152 --- [DiscoveryClient-InstanceInfoReplicator-0] com.netflix.discovery.DiscoveryClient    : DiscoveryClient_USERS/172.16.3.218:users:8081: registering service...
2019-12-04 10:05:23.918  INFO 26152 --- [main] d.s.w.p.DocumentationPluginsBootstrapper : Found 1 custom documentation plugin(s)
2019-12-04 10:05:23.960  INFO 26152 --- [main] s.d.s.w.s.ApiListingReferenceScanner     : Scanning for api listing references
2019-12-04 10:05:23.983  INFO 26152 --- [DiscoveryClient-InstanceInfoReplicator-0] com.netflix.discovery.DiscoveryClient    : DiscoveryClient_USERS/172.16.3.218:users:8081 - registration status: 204
2019-12-04 10:05:24.365  INFO 26152 --- [main] o.s.b.w.embedded.tomcat.TomcatWebServer  : Tomcat started on port(s): 8081 (http) with context path ''
2019-12-04 10:05:24.366  INFO 26152 --- [main] .s.c.n.e.s.EurekaAutoServiceRegistration : Updating port to 8081
2019-12-04 10:05:24.369  INFO 26152 --- [main] c.example.usersapi.UsersApiApplication   : Started UsersApiApplication in 19.994 seconds (JVM running for 26.628)
2019-12-04 10:10:23.643  INFO 26152 --- [AsyncResolver-bootstrap-executor-0] c.n.d.s.r.aws.ConfigClusterResolver      : Resolving eureka endpoints via configuration
2019-12-04 10:15:23.658  INFO 26152 --- [AsyncResolver-bootstrap-executor-0] c.n.d.s.r.aws.ConfigClusterResolver      : Resolving eureka endpoints via configuration
2019-12-04 10:20:23.671  INFO 26152 --- [AsyncResolver-bootstrap-executor-0] c.n.d.s.r.aws.ConfigClusterResolver      : Resolving eureka endpoints via configuration
2019-12-04 10:23:09.826  INFO 26152 --- [Thread-47] o.s.c.n.e.s.EurekaServiceRegistry        : Unregistering application USERS with eureka with status DOWN
2019-12-04 10:23:09.827  WARN 26152 --- [Thread-47] com.netflix.discovery.DiscoveryClient    : Saw local status change event StatusChangeEvent [timestamp=1575472989827, current=DOWN, previous=UP]
2019-12-04 10:23:09.828  INFO 26152 --- [DiscoveryClient-InstanceInfoReplicator-0] com.netflix.discovery.DiscoveryClient    : DiscoveryClient_USERS/172.16.3.218:users:8081: registering service...
2019-12-04 10:23:09.841  INFO 26152 --- [DiscoveryClient-InstanceInfoReplicator-0] com.netflix.discovery.DiscoveryClient    : DiscoveryClient_USERS/172.16.3.218:users:8081 - registration status: 204
2019-12-04 10:23:09.863  INFO 26152 --- [Thread-47] o.s.s.concurrent.ThreadPoolTaskExecutor  : Shutting down ExecutorService 'applicationTaskExecutor'
2019-12-04 10:23:09.898  INFO 26152 --- [Thread-47] j.LocalContainerEntityManagerFactoryBean : Closing JPA EntityManagerFactory for persistence unit 'default'
2019-12-04 10:23:09.923  INFO 26152 --- [Thread-47] com.netflix.discovery.DiscoveryClient    : Shutting down DiscoveryClient ...
2019-12-04 10:23:12.927  INFO 26152 --- [Thread-47] com.netflix.discovery.DiscoveryClient    : Unregistering ...
2019-12-04 10:23:12.948  INFO 26152 --- [Thread-47] com.netflix.discovery.DiscoveryClient    : DiscoveryClient_USERS/172.16.3.218:users:8081 - deregister  status: 200
2019-12-04 10:23:12.984  INFO 26152 --- [Thread-47] com.netflix.discovery.DiscoveryClient    : Completed shut down of DiscoveryClient
2019-12-04 10:23:12.985  INFO 26152 --- [Thread-47] com.zaxxer.hikari.HikariDataSource       : HikariPool-1 - Shutdown initiated...
2019-12-04 10:23:12.998  INFO 26152 --- [Thread-47] com.zaxxer.hikari.HikariDataSource       : HikariPool-1 - Shutdown completed.
