2019-12-02 11:59:39.499  WARN 6252 --- [main] o.s.boot.StartupInfoLogger               : InetAddress.getLocalHost().getHostName() took 5005 milliseconds to respond. Please verify your network configuration (macOS machines may need to add entries to /etc/hosts).
2019-12-02 11:59:44.508  INFO 6252 --- [main] c.g.e.EmailServiceApplication            : Starting EmailServiceApplication on davids-MacBook-Pro-2.local with PID 6252 (/Users/david/IdeaProjects/GA/projects/microservice-project/email-service/target/classes started by david in /Users/david/IdeaProjects/GA/projects/microservice-project/email-service)
2019-12-02 11:59:44.509  INFO 6252 --- [main] c.g.e.EmailServiceApplication            : No active profile set, falling back to default profiles: default
2019-12-02 11:59:45.211  INFO 6252 --- [main] o.s.b.w.embedded.tomcat.TomcatWebServer  : Tomcat initialized with port(s): 8085 (http)
2019-12-02 11:59:45.217  INFO 6252 --- [main] o.apache.catalina.core.StandardService   : Starting service [Tomcat]
2019-12-02 11:59:45.217  INFO 6252 --- [main] org.apache.catalina.core.StandardEngine  : Starting Servlet engine: [Apache Tomcat/9.0.27]
2019-12-02 11:59:45.267  INFO 6252 --- [main] o.a.c.c.C.[Tomcat].[localhost].[/]       : Initializing Spring embedded WebApplicationContext
2019-12-02 11:59:45.267  INFO 6252 --- [main] o.s.web.context.ContextLoader            : Root WebApplicationContext: initialization completed in 728 ms
2019-12-02 11:59:45.384  INFO 6252 --- [main] o.s.s.concurrent.ThreadPoolTaskExecutor  : Initializing ExecutorService 'applicationTaskExecutor'
2019-12-02 11:59:45.570  INFO 6252 --- [main] o.s.a.r.c.CachingConnectionFactory       : Attempting to connect to: [localhost:5672]
2019-12-02 11:59:45.574  INFO 6252 --- [main] o.s.a.r.l.SimpleMessageListenerContainer : Broker not available; cannot force queue declarations during start: java.net.ConnectException: Connection refused (Connection refused)
2019-12-02 11:59:45.581  INFO 6252 --- [org.springframework.amqp.rabbit.RabbitListenerEndpointContainer#0-1] o.s.a.r.c.CachingConnectionFactory       : Attempting to connect to: [localhost:5672]
2019-12-02 11:59:45.615  INFO 6252 --- [main] o.s.b.w.embedded.tomcat.TomcatWebServer  : Tomcat started on port(s): 8085 (http) with context path ''
2019-12-02 11:59:45.619  INFO 6252 --- [main] c.g.e.EmailServiceApplication            : Started EmailServiceApplication in 16.395 seconds (JVM running for 21.886)
2019-12-02 11:59:50.660  WARN 6252 --- [org.springframework.amqp.rabbit.RabbitListenerEndpointContainer#0-1] o.s.a.r.l.SimpleMessageListenerContainer : Consumer raised exception, processing can restart if the connection factory supports it. Exception summary: org.springframework.amqp.AmqpConnectException: java.net.ConnectException: Connection refused (Connection refused)
2019-12-02 11:59:50.662  INFO 6252 --- [org.springframework.amqp.rabbit.RabbitListenerEndpointContainer#0-1] o.s.a.r.l.SimpleMessageListenerContainer : Restarting Consumer@6050462a: tags=[[]], channel=null, acknowledgeMode=AUTO local queue size=0
2019-12-02 11:59:50.666  INFO 6252 --- [org.springframework.amqp.rabbit.RabbitListenerEndpointContainer#0-2] o.s.a.r.c.CachingConnectionFactory       : Attempting to connect to: [localhost:5672]
2019-12-02 11:59:55.736  WARN 6252 --- [org.springframework.amqp.rabbit.RabbitListenerEndpointContainer#0-2] o.s.a.r.l.SimpleMessageListenerContainer : Consumer raised exception, processing can restart if the connection factory supports it. Exception summary: org.springframework.amqp.AmqpConnectException: java.net.ConnectException: Connection refused (Connection refused)
2019-12-02 11:59:55.738  INFO 6252 --- [org.springframework.amqp.rabbit.RabbitListenerEndpointContainer#0-2] o.s.a.r.l.SimpleMessageListenerContainer : Restarting Consumer@2f880eaf: tags=[[]], channel=null, acknowledgeMode=AUTO local queue size=0
2019-12-02 11:59:55.739  INFO 6252 --- [org.springframework.amqp.rabbit.RabbitListenerEndpointContainer#0-3] o.s.a.r.c.CachingConnectionFactory       : Attempting to connect to: [localhost:5672]
2019-12-02 12:00:00.804  WARN 6252 --- [org.springframework.amqp.rabbit.RabbitListenerEndpointContainer#0-3] o.s.a.r.l.SimpleMessageListenerContainer : Consumer raised exception, processing can restart if the connection factory supports it. Exception summary: org.springframework.amqp.AmqpConnectException: java.net.ConnectException: Connection refused (Connection refused)
2019-12-02 12:00:00.804  INFO 6252 --- [org.springframework.amqp.rabbit.RabbitListenerEndpointContainer#0-3] o.s.a.r.l.SimpleMessageListenerContainer : Restarting Consumer@3bde8411: tags=[[]], channel=null, acknowledgeMode=AUTO local queue size=0
2019-12-02 12:00:00.805  INFO 6252 --- [org.springframework.amqp.rabbit.RabbitListenerEndpointContainer#0-4] o.s.a.r.c.CachingConnectionFactory       : Attempting to connect to: [localhost:5672]
2019-12-02 12:00:05.872  WARN 6252 --- [org.springframework.amqp.rabbit.RabbitListenerEndpointContainer#0-4] o.s.a.r.l.SimpleMessageListenerContainer : Consumer raised exception, processing can restart if the connection factory supports it. Exception summary: org.springframework.amqp.AmqpConnectException: java.net.ConnectException: Connection refused (Connection refused)
2019-12-02 12:00:05.875  INFO 6252 --- [org.springframework.amqp.rabbit.RabbitListenerEndpointContainer#0-4] o.s.a.r.l.SimpleMessageListenerContainer : Restarting Consumer@550c48a: tags=[[]], channel=null, acknowledgeMode=AUTO local queue size=0
2019-12-02 12:00:05.876  INFO 6252 --- [org.springframework.amqp.rabbit.RabbitListenerEndpointContainer#0-5] o.s.a.r.c.CachingConnectionFactory       : Attempting to connect to: [localhost:5672]
2019-12-02 12:00:10.955  WARN 6252 --- [org.springframework.amqp.rabbit.RabbitListenerEndpointContainer#0-5] o.s.a.r.l.SimpleMessageListenerContainer : Consumer raised exception, processing can restart if the connection factory supports it. Exception summary: org.springframework.amqp.AmqpConnectException: java.net.ConnectException: Connection refused (Connection refused)
2019-12-02 12:00:10.956  INFO 6252 --- [org.springframework.amqp.rabbit.RabbitListenerEndpointContainer#0-5] o.s.a.r.l.SimpleMessageListenerContainer : Restarting Consumer@4469b5f1: tags=[[]], channel=null, acknowledgeMode=AUTO local queue size=0
2019-12-02 12:00:10.957  INFO 6252 --- [org.springframework.amqp.rabbit.RabbitListenerEndpointContainer#0-6] o.s.a.r.c.CachingConnectionFactory       : Attempting to connect to: [localhost:5672]
2019-12-02 12:00:16.031  WARN 6252 --- [org.springframework.amqp.rabbit.RabbitListenerEndpointContainer#0-6] o.s.a.r.l.SimpleMessageListenerContainer : Consumer raised exception, processing can restart if the connection factory supports it. Exception summary: org.springframework.amqp.AmqpConnectException: java.net.ConnectException: Connection refused (Connection refused)
2019-12-02 12:00:16.033  INFO 6252 --- [org.springframework.amqp.rabbit.RabbitListenerEndpointContainer#0-6] o.s.a.r.l.SimpleMessageListenerContainer : Restarting Consumer@5cc25cc7: tags=[[]], channel=null, acknowledgeMode=AUTO local queue size=0
2019-12-02 12:00:16.034  INFO 6252 --- [org.springframework.amqp.rabbit.RabbitListenerEndpointContainer#0-7] o.s.a.r.c.CachingConnectionFactory       : Attempting to connect to: [localhost:5672]
2019-12-02 12:00:21.099  WARN 6252 --- [org.springframework.amqp.rabbit.RabbitListenerEndpointContainer#0-7] o.s.a.r.l.SimpleMessageListenerContainer : Consumer raised exception, processing can restart if the connection factory supports it. Exception summary: org.springframework.amqp.AmqpConnectException: java.net.ConnectException: Connection refused (Connection refused)
2019-12-02 12:00:21.100  INFO 6252 --- [org.springframework.amqp.rabbit.RabbitListenerEndpointContainer#0-7] o.s.a.r.l.SimpleMessageListenerContainer : Restarting Consumer@764cc181: tags=[[]], channel=null, acknowledgeMode=AUTO local queue size=0
2019-12-02 12:00:21.101  INFO 6252 --- [org.springframework.amqp.rabbit.RabbitListenerEndpointContainer#0-8] o.s.a.r.c.CachingConnectionFactory       : Attempting to connect to: [localhost:5672]
2019-12-02 12:00:26.173  WARN 6252 --- [org.springframework.amqp.rabbit.RabbitListenerEndpointContainer#0-8] o.s.a.r.l.SimpleMessageListenerContainer : Consumer raised exception, processing can restart if the connection factory supports it. Exception summary: org.springframework.amqp.AmqpConnectException: java.net.ConnectException: Connection refused (Connection refused)
2019-12-02 12:00:26.176  INFO 6252 --- [org.springframework.amqp.rabbit.RabbitListenerEndpointContainer#0-8] o.s.a.r.l.SimpleMessageListenerContainer : Restarting Consumer@16c3cb20: tags=[[]], channel=null, acknowledgeMode=AUTO local queue size=0
2019-12-02 12:00:26.177  INFO 6252 --- [org.springframework.amqp.rabbit.RabbitListenerEndpointContainer#0-9] o.s.a.r.c.CachingConnectionFactory       : Attempting to connect to: [localhost:5672]
2019-12-02 12:00:31.250  WARN 6252 --- [org.springframework.amqp.rabbit.RabbitListenerEndpointContainer#0-9] o.s.a.r.l.SimpleMessageListenerContainer : Consumer raised exception, processing can restart if the connection factory supports it. Exception summary: org.springframework.amqp.AmqpConnectException: java.net.ConnectException: Connection refused (Connection refused)
2019-12-02 12:00:31.251  INFO 6252 --- [org.springframework.amqp.rabbit.RabbitListenerEndpointContainer#0-9] o.s.a.r.l.SimpleMessageListenerContainer : Restarting Consumer@624f0ffe: tags=[[]], channel=null, acknowledgeMode=AUTO local queue size=0
2019-12-02 12:00:31.252  INFO 6252 --- [org.springframework.amqp.rabbit.RabbitListenerEndpointContainer#0-10] o.s.a.r.c.CachingConnectionFactory       : Attempting to connect to: [localhost:5672]
2019-12-02 12:00:36.329  WARN 6252 --- [org.springframework.amqp.rabbit.RabbitListenerEndpointContainer#0-10] o.s.a.r.l.SimpleMessageListenerContainer : Consumer raised exception, processing can restart if the connection factory supports it. Exception summary: org.springframework.amqp.AmqpConnectException: java.net.ConnectException: Connection refused (Connection refused)
2019-12-02 12:00:36.331  INFO 6252 --- [org.springframework.amqp.rabbit.RabbitListenerEndpointContainer#0-10] o.s.a.r.l.SimpleMessageListenerContainer : Restarting Consumer@545bb93d: tags=[[]], channel=null, acknowledgeMode=AUTO local queue size=0
2019-12-02 12:00:36.332  INFO 6252 --- [org.springframework.amqp.rabbit.RabbitListenerEndpointContainer#0-11] o.s.a.r.c.CachingConnectionFactory       : Attempting to connect to: [localhost:5672]
2019-12-02 12:00:41.403  WARN 6252 --- [org.springframework.amqp.rabbit.RabbitListenerEndpointContainer#0-11] o.s.a.r.l.SimpleMessageListenerContainer : Consumer raised exception, processing can restart if the connection factory supports it. Exception summary: org.springframework.amqp.AmqpConnectException: java.net.ConnectException: Connection refused (Connection refused)
2019-12-02 12:00:41.404  INFO 6252 --- [org.springframework.amqp.rabbit.RabbitListenerEndpointContainer#0-11] o.s.a.r.l.SimpleMessageListenerContainer : Restarting Consumer@41138ce: tags=[[]], channel=null, acknowledgeMode=AUTO local queue size=0
2019-12-02 12:00:41.406  INFO 6252 --- [org.springframework.amqp.rabbit.RabbitListenerEndpointContainer#0-12] o.s.a.r.c.CachingConnectionFactory       : Attempting to connect to: [localhost:5672]
2019-12-02 12:00:46.467  WARN 6252 --- [org.springframework.amqp.rabbit.RabbitListenerEndpointContainer#0-12] o.s.a.r.l.SimpleMessageListenerContainer : Consumer raised exception, processing can restart if the connection factory supports it. Exception summary: org.springframework.amqp.AmqpConnectException: java.net.ConnectException: Connection refused (Connection refused)
2019-12-02 12:00:46.469  INFO 6252 --- [org.springframework.amqp.rabbit.RabbitListenerEndpointContainer#0-12] o.s.a.r.l.SimpleMessageListenerContainer : Restarting Consumer@6acb7609: tags=[[]], channel=null, acknowledgeMode=AUTO local queue size=0
2019-12-02 12:00:46.470  INFO 6252 --- [org.springframework.amqp.rabbit.RabbitListenerEndpointContainer#0-13] o.s.a.r.c.CachingConnectionFactory       : Attempting to connect to: [localhost:5672]
2019-12-02 12:00:51.558  WARN 6252 --- [org.springframework.amqp.rabbit.RabbitListenerEndpointContainer#0-13] o.s.a.r.l.SimpleMessageListenerContainer : Consumer raised exception, processing can restart if the connection factory supports it. Exception summary: org.springframework.amqp.AmqpConnectException: java.net.ConnectException: Connection refused (Connection refused)
2019-12-02 12:00:51.559  INFO 6252 --- [org.springframework.amqp.rabbit.RabbitListenerEndpointContainer#0-13] o.s.a.r.l.SimpleMessageListenerContainer : Restarting Consumer@2aad4e0c: tags=[[]], channel=null, acknowledgeMode=AUTO local queue size=0
2019-12-02 12:00:51.560  INFO 6252 --- [org.springframework.amqp.rabbit.RabbitListenerEndpointContainer#0-14] o.s.a.r.c.CachingConnectionFactory       : Attempting to connect to: [localhost:5672]
2019-12-02 12:00:56.638  WARN 6252 --- [org.springframework.amqp.rabbit.RabbitListenerEndpointContainer#0-14] o.s.a.r.l.SimpleMessageListenerContainer : Consumer raised exception, processing can restart if the connection factory supports it. Exception summary: org.springframework.amqp.AmqpConnectException: java.net.ConnectException: Connection refused (Connection refused)
2019-12-02 12:00:56.639  INFO 6252 --- [org.springframework.amqp.rabbit.RabbitListenerEndpointContainer#0-14] o.s.a.r.l.SimpleMessageListenerContainer : Restarting Consumer@c12e70b: tags=[[]], channel=null, acknowledgeMode=AUTO local queue size=0
2019-12-02 12:00:56.641  INFO 6252 --- [org.springframework.amqp.rabbit.RabbitListenerEndpointContainer#0-15] o.s.a.r.c.CachingConnectionFactory       : Attempting to connect to: [localhost:5672]
2019-12-02 12:01:01.723  WARN 6252 --- [org.springframework.amqp.rabbit.RabbitListenerEndpointContainer#0-15] o.s.a.r.l.SimpleMessageListenerContainer : Consumer raised exception, processing can restart if the connection factory supports it. Exception summary: org.springframework.amqp.AmqpConnectException: java.net.ConnectException: Connection refused (Connection refused)
2019-12-02 12:01:01.724  INFO 6252 --- [org.springframework.amqp.rabbit.RabbitListenerEndpointContainer#0-15] o.s.a.r.l.SimpleMessageListenerContainer : Restarting Consumer@50c5198: tags=[[]], channel=null, acknowledgeMode=AUTO local queue size=0
2019-12-02 12:01:01.724  INFO 6252 --- [org.springframework.amqp.rabbit.RabbitListenerEndpointContainer#0-16] o.s.a.r.c.CachingConnectionFactory       : Attempting to connect to: [localhost:5672]
2019-12-02 12:01:06.788  WARN 6252 --- [org.springframework.amqp.rabbit.RabbitListenerEndpointContainer#0-16] o.s.a.r.l.SimpleMessageListenerContainer : Consumer raised exception, processing can restart if the connection factory supports it. Exception summary: org.springframework.amqp.AmqpConnectException: java.net.ConnectException: Connection refused (Connection refused)
2019-12-02 12:01:06.790  INFO 6252 --- [org.springframework.amqp.rabbit.RabbitListenerEndpointContainer#0-16] o.s.a.r.l.SimpleMessageListenerContainer : Restarting Consumer@454f4821: tags=[[]], channel=null, acknowledgeMode=AUTO local queue size=0
2019-12-02 12:01:06.791  INFO 6252 --- [org.springframework.amqp.rabbit.RabbitListenerEndpointContainer#0-17] o.s.a.r.c.CachingConnectionFactory       : Attempting to connect to: [localhost:5672]
2019-12-02 12:01:11.865  WARN 6252 --- [org.springframework.amqp.rabbit.RabbitListenerEndpointContainer#0-17] o.s.a.r.l.SimpleMessageListenerContainer : Consumer raised exception, processing can restart if the connection factory supports it. Exception summary: org.springframework.amqp.AmqpConnectException: java.net.ConnectException: Connection refused (Connection refused)
2019-12-02 12:01:11.865  INFO 6252 --- [org.springframework.amqp.rabbit.RabbitListenerEndpointContainer#0-17] o.s.a.r.l.SimpleMessageListenerContainer : Restarting Consumer@2ba1df12: tags=[[]], channel=null, acknowledgeMode=AUTO local queue size=0
2019-12-02 12:01:11.866  INFO 6252 --- [org.springframework.amqp.rabbit.RabbitListenerEndpointContainer#0-18] o.s.a.r.c.CachingConnectionFactory       : Attempting to connect to: [localhost:5672]
2019-12-02 12:01:16.931  WARN 6252 --- [org.springframework.amqp.rabbit.RabbitListenerEndpointContainer#0-18] o.s.a.r.l.SimpleMessageListenerContainer : Consumer raised exception, processing can restart if the connection factory supports it. Exception summary: org.springframework.amqp.AmqpConnectException: java.net.ConnectException: Connection refused (Connection refused)
2019-12-02 12:01:16.932  INFO 6252 --- [org.springframework.amqp.rabbit.RabbitListenerEndpointContainer#0-18] o.s.a.r.l.SimpleMessageListenerContainer : Restarting Consumer@17d4b8b: tags=[[]], channel=null, acknowledgeMode=AUTO local queue size=0
2019-12-02 12:01:16.933  INFO 6252 --- [org.springframework.amqp.rabbit.RabbitListenerEndpointContainer#0-19] o.s.a.r.c.CachingConnectionFactory       : Attempting to connect to: [localhost:5672]
2019-12-02 12:01:22.017  WARN 6252 --- [org.springframework.amqp.rabbit.RabbitListenerEndpointContainer#0-19] o.s.a.r.l.SimpleMessageListenerContainer : Consumer raised exception, processing can restart if the connection factory supports it. Exception summary: org.springframework.amqp.AmqpConnectException: java.net.ConnectException: Connection refused (Connection refused)
2019-12-02 12:01:22.018  INFO 6252 --- [org.springframework.amqp.rabbit.RabbitListenerEndpointContainer#0-19] o.s.a.r.l.SimpleMessageListenerContainer : Restarting Consumer@6abd43d7: tags=[[]], channel=null, acknowledgeMode=AUTO local queue size=0
2019-12-02 12:01:22.019  INFO 6252 --- [org.springframework.amqp.rabbit.RabbitListenerEndpointContainer#0-20] o.s.a.r.c.CachingConnectionFactory       : Attempting to connect to: [localhost:5672]
2019-12-02 12:01:27.091  WARN 6252 --- [org.springframework.amqp.rabbit.RabbitListenerEndpointContainer#0-20] o.s.a.r.l.SimpleMessageListenerContainer : Consumer raised exception, processing can restart if the connection factory supports it. Exception summary: org.springframework.amqp.AmqpConnectException: java.net.ConnectException: Connection refused (Connection refused)
2019-12-02 12:01:27.091  INFO 6252 --- [org.springframework.amqp.rabbit.RabbitListenerEndpointContainer#0-20] o.s.a.r.l.SimpleMessageListenerContainer : Restarting Consumer@15686e43: tags=[[]], channel=null, acknowledgeMode=AUTO local queue size=0
2019-12-02 12:01:27.092  INFO 6252 --- [org.springframework.amqp.rabbit.RabbitListenerEndpointContainer#0-21] o.s.a.r.c.CachingConnectionFactory       : Attempting to connect to: [localhost:5672]
2019-12-02 12:01:32.154  WARN 6252 --- [org.springframework.amqp.rabbit.RabbitListenerEndpointContainer#0-21] o.s.a.r.l.SimpleMessageListenerContainer : Consumer raised exception, processing can restart if the connection factory supports it. Exception summary: org.springframework.amqp.AmqpConnectException: java.net.ConnectException: Connection refused (Connection refused)
2019-12-02 12:01:32.155  INFO 6252 --- [org.springframework.amqp.rabbit.RabbitListenerEndpointContainer#0-21] o.s.a.r.l.SimpleMessageListenerContainer : Restarting Consumer@12677ad1: tags=[[]], channel=null, acknowledgeMode=AUTO local queue size=0
2019-12-02 12:01:32.156  INFO 6252 --- [org.springframework.amqp.rabbit.RabbitListenerEndpointContainer#0-22] o.s.a.r.c.CachingConnectionFactory       : Attempting to connect to: [localhost:5672]
2019-12-02 12:01:37.206  WARN 6252 --- [org.springframework.amqp.rabbit.RabbitListenerEndpointContainer#0-22] o.s.a.r.l.SimpleMessageListenerContainer : Consumer raised exception, processing can restart if the connection factory supports it. Exception summary: org.springframework.amqp.AmqpConnectException: java.net.ConnectException: Connection refused (Connection refused)
2019-12-02 12:01:37.206  INFO 6252 --- [org.springframework.amqp.rabbit.RabbitListenerEndpointContainer#0-22] o.s.a.r.l.SimpleMessageListenerContainer : Restarting Consumer@69cf894c: tags=[[]], channel=null, acknowledgeMode=AUTO local queue size=0
2019-12-02 12:01:37.207  INFO 6252 --- [org.springframework.amqp.rabbit.RabbitListenerEndpointContainer#0-23] o.s.a.r.c.CachingConnectionFactory       : Attempting to connect to: [localhost:5672]
2019-12-02 12:01:42.265  WARN 6252 --- [org.springframework.amqp.rabbit.RabbitListenerEndpointContainer#0-23] o.s.a.r.l.SimpleMessageListenerContainer : Consumer raised exception, processing can restart if the connection factory supports it. Exception summary: org.springframework.amqp.AmqpConnectException: java.net.ConnectException: Connection refused (Connection refused)
2019-12-02 12:01:42.265  INFO 6252 --- [org.springframework.amqp.rabbit.RabbitListenerEndpointContainer#0-23] o.s.a.r.l.SimpleMessageListenerContainer : Restarting Consumer@13633645: tags=[[]], channel=null, acknowledgeMode=AUTO local queue size=0
2019-12-02 12:01:42.266  INFO 6252 --- [org.springframework.amqp.rabbit.RabbitListenerEndpointContainer#0-24] o.s.a.r.c.CachingConnectionFactory       : Attempting to connect to: [localhost:5672]
2019-12-02 12:01:47.328  WARN 6252 --- [org.springframework.amqp.rabbit.RabbitListenerEndpointContainer#0-24] o.s.a.r.l.SimpleMessageListenerContainer : Consumer raised exception, processing can restart if the connection factory supports it. Exception summary: org.springframework.amqp.AmqpConnectException: java.net.ConnectException: Connection refused (Connection refused)
2019-12-02 12:01:47.329  INFO 6252 --- [org.springframework.amqp.rabbit.RabbitListenerEndpointContainer#0-24] o.s.a.r.l.SimpleMessageListenerContainer : Restarting Consumer@31d00f3: tags=[[]], channel=null, acknowledgeMode=AUTO local queue size=0
2019-12-02 12:01:47.330  INFO 6252 --- [org.springframework.amqp.rabbit.RabbitListenerEndpointContainer#0-25] o.s.a.r.c.CachingConnectionFactory       : Attempting to connect to: [localhost:5672]
2019-12-02 12:01:52.395  WARN 6252 --- [org.springframework.amqp.rabbit.RabbitListenerEndpointContainer#0-25] o.s.a.r.l.SimpleMessageListenerContainer : Consumer raised exception, processing can restart if the connection factory supports it. Exception summary: org.springframework.amqp.AmqpConnectException: java.net.ConnectException: Connection refused (Connection refused)
2019-12-02 12:01:52.396  INFO 6252 --- [org.springframework.amqp.rabbit.RabbitListenerEndpointContainer#0-25] o.s.a.r.l.SimpleMessageListenerContainer : Restarting Consumer@50eba9ec: tags=[[]], channel=null, acknowledgeMode=AUTO local queue size=0
2019-12-02 12:01:52.396  INFO 6252 --- [org.springframework.amqp.rabbit.RabbitListenerEndpointContainer#0-26] o.s.a.r.c.CachingConnectionFactory       : Attempting to connect to: [localhost:5672]
2019-12-02 12:01:57.451  WARN 6252 --- [org.springframework.amqp.rabbit.RabbitListenerEndpointContainer#0-26] o.s.a.r.l.SimpleMessageListenerContainer : Consumer raised exception, processing can restart if the connection factory supports it. Exception summary: org.springframework.amqp.AmqpConnectException: java.net.ConnectException: Connection refused (Connection refused)
2019-12-02 12:01:57.451  INFO 6252 --- [org.springframework.amqp.rabbit.RabbitListenerEndpointContainer#0-26] o.s.a.r.l.SimpleMessageListenerContainer : Restarting Consumer@76c21072: tags=[[]], channel=null, acknowledgeMode=AUTO local queue size=0
2019-12-02 12:01:57.452  INFO 6252 --- [org.springframework.amqp.rabbit.RabbitListenerEndpointContainer#0-27] o.s.a.r.c.CachingConnectionFactory       : Attempting to connect to: [localhost:5672]
2019-12-02 12:02:02.505  WARN 6252 --- [org.springframework.amqp.rabbit.RabbitListenerEndpointContainer#0-27] o.s.a.r.l.SimpleMessageListenerContainer : Consumer raised exception, processing can restart if the connection factory supports it. Exception summary: org.springframework.amqp.AmqpConnectException: java.net.ConnectException: Connection refused (Connection refused)
2019-12-02 12:02:02.506  INFO 6252 --- [org.springframework.amqp.rabbit.RabbitListenerEndpointContainer#0-27] o.s.a.r.l.SimpleMessageListenerContainer : Restarting Consumer@7ed18768: tags=[[]], channel=null, acknowledgeMode=AUTO local queue size=0
2019-12-02 12:02:02.506  INFO 6252 --- [org.springframework.amqp.rabbit.RabbitListenerEndpointContainer#0-28] o.s.a.r.c.CachingConnectionFactory       : Attempting to connect to: [localhost:5672]
2019-12-02 12:02:07.582  WARN 6252 --- [org.springframework.amqp.rabbit.RabbitListenerEndpointContainer#0-28] o.s.a.r.l.SimpleMessageListenerContainer : Consumer raised exception, processing can restart if the connection factory supports it. Exception summary: org.springframework.amqp.AmqpConnectException: java.net.ConnectException: Connection refused (Connection refused)
2019-12-02 12:02:07.583  INFO 6252 --- [org.springframework.amqp.rabbit.RabbitListenerEndpointContainer#0-28] o.s.a.r.l.SimpleMessageListenerContainer : Restarting Consumer@119a12b2: tags=[[]], channel=null, acknowledgeMode=AUTO local queue size=0
2019-12-02 12:02:07.583  INFO 6252 --- [org.springframework.amqp.rabbit.RabbitListenerEndpointContainer#0-29] o.s.a.r.c.CachingConnectionFactory       : Attempting to connect to: [localhost:5672]
2019-12-02 12:02:12.645  WARN 6252 --- [org.springframework.amqp.rabbit.RabbitListenerEndpointContainer#0-29] o.s.a.r.l.SimpleMessageListenerContainer : Consumer raised exception, processing can restart if the connection factory supports it. Exception summary: org.springframework.amqp.AmqpConnectException: java.net.ConnectException: Connection refused (Connection refused)
2019-12-02 12:02:12.647  INFO 6252 --- [org.springframework.amqp.rabbit.RabbitListenerEndpointContainer#0-29] o.s.a.r.l.SimpleMessageListenerContainer : Restarting Consumer@efcbc35: tags=[[]], channel=null, acknowledgeMode=AUTO local queue size=0
2019-12-02 12:02:12.648  INFO 6252 --- [org.springframework.amqp.rabbit.RabbitListenerEndpointContainer#0-30] o.s.a.r.c.CachingConnectionFactory       : Attempting to connect to: [localhost:5672]
2019-12-02 12:02:17.717  WARN 6252 --- [org.springframework.amqp.rabbit.RabbitListenerEndpointContainer#0-30] o.s.a.r.l.SimpleMessageListenerContainer : Consumer raised exception, processing can restart if the connection factory supports it. Exception summary: org.springframework.amqp.AmqpConnectException: java.net.ConnectException: Connection refused (Connection refused)
2019-12-02 12:02:17.718  INFO 6252 --- [org.springframework.amqp.rabbit.RabbitListenerEndpointContainer#0-30] o.s.a.r.l.SimpleMessageListenerContainer : Restarting Consumer@2ebecd4a: tags=[[]], channel=null, acknowledgeMode=AUTO local queue size=0
2019-12-02 12:02:17.718  INFO 6252 --- [org.springframework.amqp.rabbit.RabbitListenerEndpointContainer#0-31] o.s.a.r.c.CachingConnectionFactory       : Attempting to connect to: [localhost:5672]
2019-12-02 12:02:22.788  WARN 6252 --- [org.springframework.amqp.rabbit.RabbitListenerEndpointContainer#0-31] o.s.a.r.l.SimpleMessageListenerContainer : Consumer raised exception, processing can restart if the connection factory supports it. Exception summary: org.springframework.amqp.AmqpConnectException: java.net.ConnectException: Connection refused (Connection refused)
2019-12-02 12:02:22.788  INFO 6252 --- [org.springframework.amqp.rabbit.RabbitListenerEndpointContainer#0-31] o.s.a.r.l.SimpleMessageListenerContainer : Restarting Consumer@306db3a0: tags=[[]], channel=null, acknowledgeMode=AUTO local queue size=0
2019-12-02 12:02:22.789  INFO 6252 --- [org.springframework.amqp.rabbit.RabbitListenerEndpointContainer#0-32] o.s.a.r.c.CachingConnectionFactory       : Attempting to connect to: [localhost:5672]
2019-12-02 12:02:27.864  WARN 6252 --- [org.springframework.amqp.rabbit.RabbitListenerEndpointContainer#0-32] o.s.a.r.l.SimpleMessageListenerContainer : Consumer raised exception, processing can restart if the connection factory supports it. Exception summary: org.springframework.amqp.AmqpConnectException: java.net.ConnectException: Connection refused (Connection refused)
2019-12-02 12:02:27.865  INFO 6252 --- [org.springframework.amqp.rabbit.RabbitListenerEndpointContainer#0-32] o.s.a.r.l.SimpleMessageListenerContainer : Restarting Consumer@c1cbac7: tags=[[]], channel=null, acknowledgeMode=AUTO local queue size=0
2019-12-02 12:02:27.866  INFO 6252 --- [org.springframework.amqp.rabbit.RabbitListenerEndpointContainer#0-33] o.s.a.r.c.CachingConnectionFactory       : Attempting to connect to: [localhost:5672]
2019-12-02 12:02:32.921  WARN 6252 --- [org.springframework.amqp.rabbit.RabbitListenerEndpointContainer#0-33] o.s.a.r.l.SimpleMessageListenerContainer : Consumer raised exception, processing can restart if the connection factory supports it. Exception summary: org.springframework.amqp.AmqpConnectException: java.net.ConnectException: Connection refused (Connection refused)
2019-12-02 12:02:32.922  INFO 6252 --- [org.springframework.amqp.rabbit.RabbitListenerEndpointContainer#0-33] o.s.a.r.l.SimpleMessageListenerContainer : Restarting Consumer@7e04d5bf: tags=[[]], channel=null, acknowledgeMode=AUTO local queue size=0
2019-12-02 12:02:32.923  INFO 6252 --- [org.springframework.amqp.rabbit.RabbitListenerEndpointContainer#0-34] o.s.a.r.c.CachingConnectionFactory       : Attempting to connect to: [localhost:5672]
2019-12-02 12:02:37.986  WARN 6252 --- [org.springframework.amqp.rabbit.RabbitListenerEndpointContainer#0-34] o.s.a.r.l.SimpleMessageListenerContainer : Consumer raised exception, processing can restart if the connection factory supports it. Exception summary: org.springframework.amqp.AmqpConnectException: java.net.ConnectException: Connection refused (Connection refused)
2019-12-02 12:02:37.986  INFO 6252 --- [org.springframework.amqp.rabbit.RabbitListenerEndpointContainer#0-34] o.s.a.r.l.SimpleMessageListenerContainer : Restarting Consumer@41617eef: tags=[[]], channel=null, acknowledgeMode=AUTO local queue size=0
2019-12-02 12:02:37.987  INFO 6252 --- [org.springframework.amqp.rabbit.RabbitListenerEndpointContainer#0-35] o.s.a.r.c.CachingConnectionFactory       : Attempting to connect to: [localhost:5672]
2019-12-02 12:02:43.061  WARN 6252 --- [org.springframework.amqp.rabbit.RabbitListenerEndpointContainer#0-35] o.s.a.r.l.SimpleMessageListenerContainer : Consumer raised exception, processing can restart if the connection factory supports it. Exception summary: org.springframework.amqp.AmqpConnectException: java.net.ConnectException: Connection refused (Connection refused)
2019-12-02 12:02:43.062  INFO 6252 --- [org.springframework.amqp.rabbit.RabbitListenerEndpointContainer#0-35] o.s.a.r.l.SimpleMessageListenerContainer : Restarting Consumer@2158063d: tags=[[]], channel=null, acknowledgeMode=AUTO local queue size=0
2019-12-02 12:02:43.063  INFO 6252 --- [org.springframework.amqp.rabbit.RabbitListenerEndpointContainer#0-36] o.s.a.r.c.CachingConnectionFactory       : Attempting to connect to: [localhost:5672]
2019-12-02 12:02:48.139  WARN 6252 --- [org.springframework.amqp.rabbit.RabbitListenerEndpointContainer#0-36] o.s.a.r.l.SimpleMessageListenerContainer : Consumer raised exception, processing can restart if the connection factory supports it. Exception summary: org.springframework.amqp.AmqpConnectException: java.net.ConnectException: Connection refused (Connection refused)
2019-12-02 12:02:48.215  INFO 6252 --- [org.springframework.amqp.rabbit.RabbitListenerEndpointContainer#0-36] o.s.a.r.l.SimpleMessageListenerContainer : Restarting Consumer@36664afc: tags=[[]], channel=null, acknowledgeMode=AUTO local queue size=0
2019-12-02 12:02:48.216  INFO 6252 --- [org.springframework.amqp.rabbit.RabbitListenerEndpointContainer#0-37] o.s.a.r.c.CachingConnectionFactory       : Attempting to connect to: [localhost:5672]
2019-12-02 12:02:53.292  WARN 6252 --- [org.springframework.amqp.rabbit.RabbitListenerEndpointContainer#0-37] o.s.a.r.l.SimpleMessageListenerContainer : Consumer raised exception, processing can restart if the connection factory supports it. Exception summary: org.springframework.amqp.AmqpConnectException: java.net.ConnectException: Connection refused (Connection refused)
2019-12-02 12:02:53.293  INFO 6252 --- [org.springframework.amqp.rabbit.RabbitListenerEndpointContainer#0-37] o.s.a.r.l.SimpleMessageListenerContainer : Restarting Consumer@6ef08c8e: tags=[[]], channel=null, acknowledgeMode=AUTO local queue size=0
2019-12-02 12:02:53.294  INFO 6252 --- [org.springframework.amqp.rabbit.RabbitListenerEndpointContainer#0-38] o.s.a.r.c.CachingConnectionFactory       : Attempting to connect to: [localhost:5672]
2019-12-02 12:02:58.375  WARN 6252 --- [org.springframework.amqp.rabbit.RabbitListenerEndpointContainer#0-38] o.s.a.r.l.SimpleMessageListenerContainer : Consumer raised exception, processing can restart if the connection factory supports it. Exception summary: org.springframework.amqp.AmqpConnectException: java.net.ConnectException: Connection refused (Connection refused)
2019-12-02 12:02:58.377  INFO 6252 --- [org.springframework.amqp.rabbit.RabbitListenerEndpointContainer#0-38] o.s.a.r.l.SimpleMessageListenerContainer : Restarting Consumer@100e4905: tags=[[]], channel=null, acknowledgeMode=AUTO local queue size=0
2019-12-02 12:02:58.378  INFO 6252 --- [org.springframework.amqp.rabbit.RabbitListenerEndpointContainer#0-39] o.s.a.r.c.CachingConnectionFactory       : Attempting to connect to: [localhost:5672]
2019-12-02 12:03:03.441  WARN 6252 --- [org.springframework.amqp.rabbit.RabbitListenerEndpointContainer#0-39] o.s.a.r.l.SimpleMessageListenerContainer : Consumer raised exception, processing can restart if the connection factory supports it. Exception summary: org.springframework.amqp.AmqpConnectException: java.net.ConnectException: Connection refused (Connection refused)
2019-12-02 12:03:03.442  INFO 6252 --- [org.springframework.amqp.rabbit.RabbitListenerEndpointContainer#0-39] o.s.a.r.l.SimpleMessageListenerContainer : Restarting Consumer@4bb880cf: tags=[[]], channel=null, acknowledgeMode=AUTO local queue size=0
2019-12-02 12:03:03.442  INFO 6252 --- [org.springframework.amqp.rabbit.RabbitListenerEndpointContainer#0-40] o.s.a.r.c.CachingConnectionFactory       : Attempting to connect to: [localhost:5672]
2019-12-02 12:03:08.521  WARN 6252 --- [org.springframework.amqp.rabbit.RabbitListenerEndpointContainer#0-40] o.s.a.r.l.SimpleMessageListenerContainer : Consumer raised exception, processing can restart if the connection factory supports it. Exception summary: org.springframework.amqp.AmqpConnectException: java.net.ConnectException: Connection refused (Connection refused)
2019-12-02 12:03:08.521  INFO 6252 --- [org.springframework.amqp.rabbit.RabbitListenerEndpointContainer#0-40] o.s.a.r.l.SimpleMessageListenerContainer : Restarting Consumer@370a5aa0: tags=[[]], channel=null, acknowledgeMode=AUTO local queue size=0
2019-12-02 12:03:08.522  INFO 6252 --- [org.springframework.amqp.rabbit.RabbitListenerEndpointContainer#0-41] o.s.a.r.c.CachingConnectionFactory       : Attempting to connect to: [localhost:5672]
2019-12-02 12:03:13.601  WARN 6252 --- [org.springframework.amqp.rabbit.RabbitListenerEndpointContainer#0-41] o.s.a.r.l.SimpleMessageListenerContainer : Consumer raised exception, processing can restart if the connection factory supports it. Exception summary: org.springframework.amqp.AmqpConnectException: java.net.ConnectException: Connection refused (Connection refused)
2019-12-02 12:03:13.601  INFO 6252 --- [org.springframework.amqp.rabbit.RabbitListenerEndpointContainer#0-41] o.s.a.r.l.SimpleMessageListenerContainer : Restarting Consumer@5cfcf05f: tags=[[]], channel=null, acknowledgeMode=AUTO local queue size=0
2019-12-02 12:03:13.602  INFO 6252 --- [org.springframework.amqp.rabbit.RabbitListenerEndpointContainer#0-42] o.s.a.r.c.CachingConnectionFactory       : Attempting to connect to: [localhost:5672]
2019-12-02 12:03:18.676  WARN 6252 --- [org.springframework.amqp.rabbit.RabbitListenerEndpointContainer#0-42] o.s.a.r.l.SimpleMessageListenerContainer : Consumer raised exception, processing can restart if the connection factory supports it. Exception summary: org.springframework.amqp.AmqpConnectException: java.net.ConnectException: Connection refused (Connection refused)
2019-12-02 12:03:18.677  INFO 6252 --- [org.springframework.amqp.rabbit.RabbitListenerEndpointContainer#0-42] o.s.a.r.l.SimpleMessageListenerContainer : Restarting Consumer@42b422f6: tags=[[]], channel=null, acknowledgeMode=AUTO local queue size=0
2019-12-02 12:03:18.678  INFO 6252 --- [org.springframework.amqp.rabbit.RabbitListenerEndpointContainer#0-43] o.s.a.r.c.CachingConnectionFactory       : Attempting to connect to: [localhost:5672]
2019-12-02 12:03:23.761  WARN 6252 --- [org.springframework.amqp.rabbit.RabbitListenerEndpointContainer#0-43] o.s.a.r.l.SimpleMessageListenerContainer : Consumer raised exception, processing can restart if the connection factory supports it. Exception summary: org.springframework.amqp.AmqpConnectException: java.net.ConnectException: Connection refused (Connection refused)
2019-12-02 12:03:23.762  INFO 6252 --- [org.springframework.amqp.rabbit.RabbitListenerEndpointContainer#0-43] o.s.a.r.l.SimpleMessageListenerContainer : Restarting Consumer@14b0e18e: tags=[[]], channel=null, acknowledgeMode=AUTO local queue size=0
2019-12-02 12:03:23.762  INFO 6252 --- [org.springframework.amqp.rabbit.RabbitListenerEndpointContainer#0-44] o.s.a.r.c.CachingConnectionFactory       : Attempting to connect to: [localhost:5672]
2019-12-02 12:03:28.841  WARN 6252 --- [org.springframework.amqp.rabbit.RabbitListenerEndpointContainer#0-44] o.s.a.r.l.SimpleMessageListenerContainer : Consumer raised exception, processing can restart if the connection factory supports it. Exception summary: org.springframework.amqp.AmqpConnectException: java.net.ConnectException: Connection refused (Connection refused)
2019-12-02 12:03:28.841  INFO 6252 --- [org.springframework.amqp.rabbit.RabbitListenerEndpointContainer#0-44] o.s.a.r.l.SimpleMessageListenerContainer : Restarting Consumer@35c927c: tags=[[]], channel=null, acknowledgeMode=AUTO local queue size=0
2019-12-02 12:03:28.842  INFO 6252 --- [org.springframework.amqp.rabbit.RabbitListenerEndpointContainer#0-45] o.s.a.r.c.CachingConnectionFactory       : Attempting to connect to: [localhost:5672]
2019-12-02 12:03:33.908  WARN 6252 --- [org.springframework.amqp.rabbit.RabbitListenerEndpointContainer#0-45] o.s.a.r.l.SimpleMessageListenerContainer : Consumer raised exception, processing can restart if the connection factory supports it. Exception summary: org.springframework.amqp.AmqpConnectException: java.net.ConnectException: Connection refused (Connection refused)
2019-12-02 12:03:33.908  INFO 6252 --- [org.springframework.amqp.rabbit.RabbitListenerEndpointContainer#0-45] o.s.a.r.l.SimpleMessageListenerContainer : Restarting Consumer@6d3e5aa4: tags=[[]], channel=null, acknowledgeMode=AUTO local queue size=0
2019-12-02 12:03:33.909  INFO 6252 --- [org.springframework.amqp.rabbit.RabbitListenerEndpointContainer#0-46] o.s.a.r.c.CachingConnectionFactory       : Attempting to connect to: [localhost:5672]
2019-12-02 12:03:38.981  WARN 6252 --- [org.springframework.amqp.rabbit.RabbitListenerEndpointContainer#0-46] o.s.a.r.l.SimpleMessageListenerContainer : Consumer raised exception, processing can restart if the connection factory supports it. Exception summary: org.springframework.amqp.AmqpConnectException: java.net.ConnectException: Connection refused (Connection refused)
2019-12-02 12:03:38.982  INFO 6252 --- [org.springframework.amqp.rabbit.RabbitListenerEndpointContainer#0-46] o.s.a.r.l.SimpleMessageListenerContainer : Restarting Consumer@323790ae: tags=[[]], channel=null, acknowledgeMode=AUTO local queue size=0
2019-12-02 12:03:39.058  INFO 6252 --- [org.springframework.amqp.rabbit.RabbitListenerEndpointContainer#0-47] o.s.a.r.c.CachingConnectionFactory       : Attempting to connect to: [localhost:5672]
2019-12-02 12:03:44.117  WARN 6252 --- [org.springframework.amqp.rabbit.RabbitListenerEndpointContainer#0-47] o.s.a.r.l.SimpleMessageListenerContainer : Consumer raised exception, processing can restart if the connection factory supports it. Exception summary: org.springframework.amqp.AmqpConnectException: java.net.ConnectException: Connection refused (Connection refused)
2019-12-02 12:03:44.118  INFO 6252 --- [org.springframework.amqp.rabbit.RabbitListenerEndpointContainer#0-47] o.s.a.r.l.SimpleMessageListenerContainer : Restarting Consumer@7660d6c7: tags=[[]], channel=null, acknowledgeMode=AUTO local queue size=0
2019-12-02 12:03:44.119  INFO 6252 --- [org.springframework.amqp.rabbit.RabbitListenerEndpointContainer#0-48] o.s.a.r.c.CachingConnectionFactory       : Attempting to connect to: [localhost:5672]
2019-12-02 12:03:49.193  WARN 6252 --- [org.springframework.amqp.rabbit.RabbitListenerEndpointContainer#0-48] o.s.a.r.l.SimpleMessageListenerContainer : Consumer raised exception, processing can restart if the connection factory supports it. Exception summary: org.springframework.amqp.AmqpConnectException: java.net.ConnectException: Connection refused (Connection refused)
2019-12-02 12:03:49.195  INFO 6252 --- [org.springframework.amqp.rabbit.RabbitListenerEndpointContainer#0-48] o.s.a.r.l.SimpleMessageListenerContainer : Restarting Consumer@20602af4: tags=[[]], channel=null, acknowledgeMode=AUTO local queue size=0
2019-12-02 12:03:49.196  INFO 6252 --- [org.springframework.amqp.rabbit.RabbitListenerEndpointContainer#0-49] o.s.a.r.c.CachingConnectionFactory       : Attempting to connect to: [localhost:5672]
2019-12-02 12:03:54.266  WARN 6252 --- [org.springframework.amqp.rabbit.RabbitListenerEndpointContainer#0-49] o.s.a.r.l.SimpleMessageListenerContainer : Consumer raised exception, processing can restart if the connection factory supports it. Exception summary: org.springframework.amqp.AmqpConnectException: java.net.ConnectException: Connection refused (Connection refused)
2019-12-02 12:03:54.266  INFO 6252 --- [org.springframework.amqp.rabbit.RabbitListenerEndpointContainer#0-49] o.s.a.r.l.SimpleMessageListenerContainer : Restarting Consumer@10d0e058: tags=[[]], channel=null, acknowledgeMode=AUTO local queue size=0
2019-12-02 12:03:54.267  INFO 6252 --- [org.springframework.amqp.rabbit.RabbitListenerEndpointContainer#0-50] o.s.a.r.c.CachingConnectionFactory       : Attempting to connect to: [localhost:5672]
2019-12-02 12:03:59.342  WARN 6252 --- [org.springframework.amqp.rabbit.RabbitListenerEndpointContainer#0-50] o.s.a.r.l.SimpleMessageListenerContainer : Consumer raised exception, processing can restart if the connection factory supports it. Exception summary: org.springframework.amqp.AmqpConnectException: java.net.ConnectException: Connection refused (Connection refused)
2019-12-02 12:03:59.343  INFO 6252 --- [org.springframework.amqp.rabbit.RabbitListenerEndpointContainer#0-50] o.s.a.r.l.SimpleMessageListenerContainer : Restarting Consumer@3f19a64b: tags=[[]], channel=null, acknowledgeMode=AUTO local queue size=0
2019-12-02 12:03:59.343  INFO 6252 --- [org.springframework.amqp.rabbit.RabbitListenerEndpointContainer#0-51] o.s.a.r.c.CachingConnectionFactory       : Attempting to connect to: [localhost:5672]
2019-12-02 12:04:04.412  WARN 6252 --- [org.springframework.amqp.rabbit.RabbitListenerEndpointContainer#0-51] o.s.a.r.l.SimpleMessageListenerContainer : Consumer raised exception, processing can restart if the connection factory supports it. Exception summary: org.springframework.amqp.AmqpConnectException: java.net.ConnectException: Connection refused (Connection refused)
2019-12-02 12:04:04.413  INFO 6252 --- [org.springframework.amqp.rabbit.RabbitListenerEndpointContainer#0-51] o.s.a.r.l.SimpleMessageListenerContainer : Restarting Consumer@63d41ce4: tags=[[]], channel=null, acknowledgeMode=AUTO local queue size=0
2019-12-02 12:04:04.414  INFO 6252 --- [org.springframework.amqp.rabbit.RabbitListenerEndpointContainer#0-52] o.s.a.r.c.CachingConnectionFactory       : Attempting to connect to: [localhost:5672]
2019-12-02 12:04:09.482  WARN 6252 --- [org.springframework.amqp.rabbit.RabbitListenerEndpointContainer#0-52] o.s.a.r.l.SimpleMessageListenerContainer : Consumer raised exception, processing can restart if the connection factory supports it. Exception summary: org.springframework.amqp.AmqpConnectException: java.net.ConnectException: Connection refused (Connection refused)
2019-12-02 12:04:09.482  INFO 6252 --- [org.springframework.amqp.rabbit.RabbitListenerEndpointContainer#0-52] o.s.a.r.l.SimpleMessageListenerContainer : Restarting Consumer@54ea1b40: tags=[[]], channel=null, acknowledgeMode=AUTO local queue size=0
2019-12-02 12:04:09.483  INFO 6252 --- [org.springframework.amqp.rabbit.RabbitListenerEndpointContainer#0-53] o.s.a.r.c.CachingConnectionFactory       : Attempting to connect to: [localhost:5672]
2019-12-02 12:04:14.561  WARN 6252 --- [org.springframework.amqp.rabbit.RabbitListenerEndpointContainer#0-53] o.s.a.r.l.SimpleMessageListenerContainer : Consumer raised exception, processing can restart if the connection factory supports it. Exception summary: org.springframework.amqp.AmqpConnectException: java.net.ConnectException: Connection refused (Connection refused)
2019-12-02 12:04:14.562  INFO 6252 --- [org.springframework.amqp.rabbit.RabbitListenerEndpointContainer#0-53] o.s.a.r.l.SimpleMessageListenerContainer : Restarting Consumer@1c5450c9: tags=[[]], channel=null, acknowledgeMode=AUTO local queue size=0
2019-12-02 12:04:14.562  INFO 6252 --- [org.springframework.amqp.rabbit.RabbitListenerEndpointContainer#0-54] o.s.a.r.c.CachingConnectionFactory       : Attempting to connect to: [localhost:5672]
2019-12-02 12:04:19.624  WARN 6252 --- [org.springframework.amqp.rabbit.RabbitListenerEndpointContainer#0-54] o.s.a.r.l.SimpleMessageListenerContainer : Consumer raised exception, processing can restart if the connection factory supports it. Exception summary: org.springframework.amqp.AmqpConnectException: java.net.ConnectException: Connection refused (Connection refused)
2019-12-02 12:04:19.624  INFO 6252 --- [org.springframework.amqp.rabbit.RabbitListenerEndpointContainer#0-54] o.s.a.r.l.SimpleMessageListenerContainer : Restarting Consumer@42f1e287: tags=[[]], channel=null, acknowledgeMode=AUTO local queue size=0
2019-12-02 12:04:19.625  INFO 6252 --- [org.springframework.amqp.rabbit.RabbitListenerEndpointContainer#0-55] o.s.a.r.c.CachingConnectionFactory       : Attempting to connect to: [localhost:5672]
2019-12-02 12:04:24.691  WARN 6252 --- [org.springframework.amqp.rabbit.RabbitListenerEndpointContainer#0-55] o.s.a.r.l.SimpleMessageListenerContainer : Consumer raised exception, processing can restart if the connection factory supports it. Exception summary: org.springframework.amqp.AmqpConnectException: java.net.ConnectException: Connection refused (Connection refused)
2019-12-02 12:04:24.691  INFO 6252 --- [org.springframework.amqp.rabbit.RabbitListenerEndpointContainer#0-55] o.s.a.r.l.SimpleMessageListenerContainer : Restarting Consumer@32d541ff: tags=[[]], channel=null, acknowledgeMode=AUTO local queue size=0
2019-12-02 12:04:24.692  INFO 6252 --- [org.springframework.amqp.rabbit.RabbitListenerEndpointContainer#0-56] o.s.a.r.c.CachingConnectionFactory       : Attempting to connect to: [localhost:5672]
2019-12-02 12:04:29.765  WARN 6252 --- [org.springframework.amqp.rabbit.RabbitListenerEndpointContainer#0-56] o.s.a.r.l.SimpleMessageListenerContainer : Consumer raised exception, processing can restart if the connection factory supports it. Exception summary: org.springframework.amqp.AmqpConnectException: java.net.ConnectException: Connection refused (Connection refused)
2019-12-02 12:04:29.766  INFO 6252 --- [org.springframework.amqp.rabbit.RabbitListenerEndpointContainer#0-56] o.s.a.r.l.SimpleMessageListenerContainer : Restarting Consumer@6a8b7fda: tags=[[]], channel=null, acknowledgeMode=AUTO local queue size=0
2019-12-02 12:04:29.767  INFO 6252 --- [org.springframework.amqp.rabbit.RabbitListenerEndpointContainer#0-57] o.s.a.r.c.CachingConnectionFactory       : Attempting to connect to: [localhost:5672]
2019-12-02 12:04:34.837  WARN 6252 --- [org.springframework.amqp.rabbit.RabbitListenerEndpointContainer#0-57] o.s.a.r.l.SimpleMessageListenerContainer : Consumer raised exception, processing can restart if the connection factory supports it. Exception summary: org.springframework.amqp.AmqpConnectException: java.net.ConnectException: Connection refused (Connection refused)
2019-12-02 12:04:34.837  INFO 6252 --- [org.springframework.amqp.rabbit.RabbitListenerEndpointContainer#0-57] o.s.a.r.l.SimpleMessageListenerContainer : Restarting Consumer@6c538fb0: tags=[[]], channel=null, acknowledgeMode=AUTO local queue size=0
2019-12-02 12:04:34.837  INFO 6252 --- [org.springframework.amqp.rabbit.RabbitListenerEndpointContainer#0-58] o.s.a.r.c.CachingConnectionFactory       : Attempting to connect to: [localhost:5672]
2019-12-02 12:04:39.912  WARN 6252 --- [org.springframework.amqp.rabbit.RabbitListenerEndpointContainer#0-58] o.s.a.r.l.SimpleMessageListenerContainer : Consumer raised exception, processing can restart if the connection factory supports it. Exception summary: org.springframework.amqp.AmqpConnectException: java.net.ConnectException: Connection refused (Connection refused)
2019-12-02 12:04:39.912  INFO 6252 --- [org.springframework.amqp.rabbit.RabbitListenerEndpointContainer#0-58] o.s.a.r.l.SimpleMessageListenerContainer : Restarting Consumer@62e0e163: tags=[[]], channel=null, acknowledgeMode=AUTO local queue size=0
2019-12-02 12:04:39.914  INFO 6252 --- [org.springframework.amqp.rabbit.RabbitListenerEndpointContainer#0-59] o.s.a.r.c.CachingConnectionFactory       : Attempting to connect to: [localhost:5672]
2019-12-02 12:04:44.984  WARN 6252 --- [org.springframework.amqp.rabbit.RabbitListenerEndpointContainer#0-59] o.s.a.r.l.SimpleMessageListenerContainer : Consumer raised exception, processing can restart if the connection factory supports it. Exception summary: org.springframework.amqp.AmqpConnectException: java.net.ConnectException: Connection refused (Connection refused)
2019-12-02 12:04:44.984  INFO 6252 --- [org.springframework.amqp.rabbit.RabbitListenerEndpointContainer#0-59] o.s.a.r.l.SimpleMessageListenerContainer : Restarting Consumer@5d9752e1: tags=[[]], channel=null, acknowledgeMode=AUTO local queue size=0
2019-12-02 12:04:44.985  INFO 6252 --- [org.springframework.amqp.rabbit.RabbitListenerEndpointContainer#0-60] o.s.a.r.c.CachingConnectionFactory       : Attempting to connect to: [localhost:5672]
2019-12-02 12:04:50.053  WARN 6252 --- [org.springframework.amqp.rabbit.RabbitListenerEndpointContainer#0-60] o.s.a.r.l.SimpleMessageListenerContainer : Consumer raised exception, processing can restart if the connection factory supports it. Exception summary: org.springframework.amqp.AmqpConnectException: java.net.ConnectException: Connection refused (Connection refused)
2019-12-02 12:04:50.054  INFO 6252 --- [org.springframework.amqp.rabbit.RabbitListenerEndpointContainer#0-60] o.s.a.r.l.SimpleMessageListenerContainer : Restarting Consumer@27e95ece: tags=[[]], channel=null, acknowledgeMode=AUTO local queue size=0
2019-12-02 12:04:50.055  INFO 6252 --- [org.springframework.amqp.rabbit.RabbitListenerEndpointContainer#0-61] o.s.a.r.c.CachingConnectionFactory       : Attempting to connect to: [localhost:5672]
2019-12-02 12:04:55.136  WARN 6252 --- [org.springframework.amqp.rabbit.RabbitListenerEndpointContainer#0-61] o.s.a.r.l.SimpleMessageListenerContainer : Consumer raised exception, processing can restart if the connection factory supports it. Exception summary: org.springframework.amqp.AmqpConnectException: java.net.ConnectException: Connection refused (Connection refused)
2019-12-02 12:04:55.136  INFO 6252 --- [org.springframework.amqp.rabbit.RabbitListenerEndpointContainer#0-61] o.s.a.r.l.SimpleMessageListenerContainer : Restarting Consumer@7dc35ba8: tags=[[]], channel=null, acknowledgeMode=AUTO local queue size=0
2019-12-02 12:04:55.137  INFO 6252 --- [org.springframework.amqp.rabbit.RabbitListenerEndpointContainer#0-62] o.s.a.r.c.CachingConnectionFactory       : Attempting to connect to: [localhost:5672]
2019-12-02 12:05:00.221  WARN 6252 --- [org.springframework.amqp.rabbit.RabbitListenerEndpointContainer#0-62] o.s.a.r.l.SimpleMessageListenerContainer : Consumer raised exception, processing can restart if the connection factory supports it. Exception summary: org.springframework.amqp.AmqpConnectException: java.net.ConnectException: Connection refused (Connection refused)
2019-12-02 12:05:00.221  INFO 6252 --- [org.springframework.amqp.rabbit.RabbitListenerEndpointContainer#0-62] o.s.a.r.l.SimpleMessageListenerContainer : Restarting Consumer@3d55f221: tags=[[]], channel=null, acknowledgeMode=AUTO local queue size=0
2019-12-02 12:05:00.222  INFO 6252 --- [org.springframework.amqp.rabbit.RabbitListenerEndpointContainer#0-63] o.s.a.r.c.CachingConnectionFactory       : Attempting to connect to: [localhost:5672]
2019-12-02 12:05:05.292  WARN 6252 --- [org.springframework.amqp.rabbit.RabbitListenerEndpointContainer#0-63] o.s.a.r.l.SimpleMessageListenerContainer : Consumer raised exception, processing can restart if the connection factory supports it. Exception summary: org.springframework.amqp.AmqpConnectException: java.net.ConnectException: Connection refused (Connection refused)
2019-12-02 12:05:05.292  INFO 6252 --- [org.springframework.amqp.rabbit.RabbitListenerEndpointContainer#0-63] o.s.a.r.l.SimpleMessageListenerContainer : Restarting Consumer@27e462b0: tags=[[]], channel=null, acknowledgeMode=AUTO local queue size=0
2019-12-02 12:05:05.293  INFO 6252 --- [org.springframework.amqp.rabbit.RabbitListenerEndpointContainer#0-64] o.s.a.r.c.CachingConnectionFactory       : Attempting to connect to: [localhost:5672]
2019-12-02 12:05:10.378  WARN 6252 --- [org.springframework.amqp.rabbit.RabbitListenerEndpointContainer#0-64] o.s.a.r.l.SimpleMessageListenerContainer : Consumer raised exception, processing can restart if the connection factory supports it. Exception summary: org.springframework.amqp.AmqpConnectException: java.net.ConnectException: Connection refused (Connection refused)
2019-12-02 12:05:10.378  INFO 6252 --- [org.springframework.amqp.rabbit.RabbitListenerEndpointContainer#0-64] o.s.a.r.l.SimpleMessageListenerContainer : Restarting Consumer@157f3bf7: tags=[[]], channel=null, acknowledgeMode=AUTO local queue size=0
2019-12-02 12:05:10.379  INFO 6252 --- [org.springframework.amqp.rabbit.RabbitListenerEndpointContainer#0-65] o.s.a.r.c.CachingConnectionFactory       : Attempting to connect to: [localhost:5672]
2019-12-02 12:05:15.445  WARN 6252 --- [org.springframework.amqp.rabbit.RabbitListenerEndpointContainer#0-65] o.s.a.r.l.SimpleMessageListenerContainer : Consumer raised exception, processing can restart if the connection factory supports it. Exception summary: org.springframework.amqp.AmqpConnectException: java.net.ConnectException: Connection refused (Connection refused)
2019-12-02 12:05:15.446  INFO 6252 --- [org.springframework.amqp.rabbit.RabbitListenerEndpointContainer#0-65] o.s.a.r.l.SimpleMessageListenerContainer : Restarting Consumer@153c42f7: tags=[[]], channel=null, acknowledgeMode=AUTO local queue size=0
2019-12-02 12:05:15.447  INFO 6252 --- [org.springframework.amqp.rabbit.RabbitListenerEndpointContainer#0-66] o.s.a.r.c.CachingConnectionFactory       : Attempting to connect to: [localhost:5672]
2019-12-02 12:05:20.514  WARN 6252 --- [org.springframework.amqp.rabbit.RabbitListenerEndpointContainer#0-66] o.s.a.r.l.SimpleMessageListenerContainer : Consumer raised exception, processing can restart if the connection factory supports it. Exception summary: org.springframework.amqp.AmqpConnectException: java.net.ConnectException: Connection refused (Connection refused)
2019-12-02 12:05:20.515  INFO 6252 --- [org.springframework.amqp.rabbit.RabbitListenerEndpointContainer#0-66] o.s.a.r.l.SimpleMessageListenerContainer : Restarting Consumer@a1e94c8: tags=[[]], channel=null, acknowledgeMode=AUTO local queue size=0
2019-12-02 12:05:20.516  INFO 6252 --- [org.springframework.amqp.rabbit.RabbitListenerEndpointContainer#0-67] o.s.a.r.c.CachingConnectionFactory       : Attempting to connect to: [localhost:5672]
2019-12-02 12:05:25.591  WARN 6252 --- [org.springframework.amqp.rabbit.RabbitListenerEndpointContainer#0-67] o.s.a.r.l.SimpleMessageListenerContainer : Consumer raised exception, processing can restart if the connection factory supports it. Exception summary: org.springframework.amqp.AmqpConnectException: java.net.ConnectException: Connection refused (Connection refused)
2019-12-02 12:05:25.592  INFO 6252 --- [org.springframework.amqp.rabbit.RabbitListenerEndpointContainer#0-67] o.s.a.r.l.SimpleMessageListenerContainer : Restarting Consumer@7cf21cc4: tags=[[]], channel=null, acknowledgeMode=AUTO local queue size=0
2019-12-02 12:05:25.592  INFO 6252 --- [org.springframework.amqp.rabbit.RabbitListenerEndpointContainer#0-68] o.s.a.r.c.CachingConnectionFactory       : Attempting to connect to: [localhost:5672]
2019-12-02 12:05:30.673  WARN 6252 --- [org.springframework.amqp.rabbit.RabbitListenerEndpointContainer#0-68] o.s.a.r.l.SimpleMessageListenerContainer : Consumer raised exception, processing can restart if the connection factory supports it. Exception summary: org.springframework.amqp.AmqpConnectException: java.net.ConnectException: Connection refused (Connection refused)
2019-12-02 12:05:30.673  INFO 6252 --- [org.springframework.amqp.rabbit.RabbitListenerEndpointContainer#0-68] o.s.a.r.l.SimpleMessageListenerContainer : Restarting Consumer@47395cbe: tags=[[]], channel=null, acknowledgeMode=AUTO local queue size=0
2019-12-02 12:05:30.674  INFO 6252 --- [org.springframework.amqp.rabbit.RabbitListenerEndpointContainer#0-69] o.s.a.r.c.CachingConnectionFactory       : Attempting to connect to: [localhost:5672]
2019-12-02 12:05:35.746  WARN 6252 --- [org.springframework.amqp.rabbit.RabbitListenerEndpointContainer#0-69] o.s.a.r.l.SimpleMessageListenerContainer : Consumer raised exception, processing can restart if the connection factory supports it. Exception summary: org.springframework.amqp.AmqpConnectException: java.net.ConnectException: Connection refused (Connection refused)
2019-12-02 12:05:35.747  INFO 6252 --- [org.springframework.amqp.rabbit.RabbitListenerEndpointContainer#0-69] o.s.a.r.l.SimpleMessageListenerContainer : Restarting Consumer@623200ff: tags=[[]], channel=null, acknowledgeMode=AUTO local queue size=0
2019-12-02 12:05:35.747  INFO 6252 --- [org.springframework.amqp.rabbit.RabbitListenerEndpointContainer#0-70] o.s.a.r.c.CachingConnectionFactory       : Attempting to connect to: [localhost:5672]
2019-12-02 12:05:40.825  WARN 6252 --- [org.springframework.amqp.rabbit.RabbitListenerEndpointContainer#0-70] o.s.a.r.l.SimpleMessageListenerContainer : Consumer raised exception, processing can restart if the connection factory supports it. Exception summary: org.springframework.amqp.AmqpConnectException: java.net.ConnectException: Connection refused (Connection refused)
2019-12-02 12:05:40.826  INFO 6252 --- [org.springframework.amqp.rabbit.RabbitListenerEndpointContainer#0-70] o.s.a.r.l.SimpleMessageListenerContainer : Restarting Consumer@75055173: tags=[[]], channel=null, acknowledgeMode=AUTO local queue size=0
2019-12-02 12:05:40.827  INFO 6252 --- [org.springframework.amqp.rabbit.RabbitListenerEndpointContainer#0-71] o.s.a.r.c.CachingConnectionFactory       : Attempting to connect to: [localhost:5672]
2019-12-02 12:05:45.898  WARN 6252 --- [org.springframework.amqp.rabbit.RabbitListenerEndpointContainer#0-71] o.s.a.r.l.SimpleMessageListenerContainer : Consumer raised exception, processing can restart if the connection factory supports it. Exception summary: org.springframework.amqp.AmqpConnectException: java.net.ConnectException: Connection refused (Connection refused)
2019-12-02 12:05:45.898  INFO 6252 --- [org.springframework.amqp.rabbit.RabbitListenerEndpointContainer#0-71] o.s.a.r.l.SimpleMessageListenerContainer : Restarting Consumer@73415ea3: tags=[[]], channel=null, acknowledgeMode=AUTO local queue size=0
2019-12-02 12:05:45.899  INFO 6252 --- [org.springframework.amqp.rabbit.RabbitListenerEndpointContainer#0-72] o.s.a.r.c.CachingConnectionFactory       : Attempting to connect to: [localhost:5672]
2019-12-02 12:05:50.970  WARN 6252 --- [org.springframework.amqp.rabbit.RabbitListenerEndpointContainer#0-72] o.s.a.r.l.SimpleMessageListenerContainer : Consumer raised exception, processing can restart if the connection factory supports it. Exception summary: org.springframework.amqp.AmqpConnectException: java.net.ConnectException: Connection refused (Connection refused)
2019-12-02 12:05:50.970  INFO 6252 --- [org.springframework.amqp.rabbit.RabbitListenerEndpointContainer#0-72] o.s.a.r.l.SimpleMessageListenerContainer : Restarting Consumer@16c373ac: tags=[[]], channel=null, acknowledgeMode=AUTO local queue size=0
2019-12-02 12:05:50.971  INFO 6252 --- [org.springframework.amqp.rabbit.RabbitListenerEndpointContainer#0-73] o.s.a.r.c.CachingConnectionFactory       : Attempting to connect to: [localhost:5672]
2019-12-02 12:05:56.039  WARN 6252 --- [org.springframework.amqp.rabbit.RabbitListenerEndpointContainer#0-73] o.s.a.r.l.SimpleMessageListenerContainer : Consumer raised exception, processing can restart if the connection factory supports it. Exception summary: org.springframework.amqp.AmqpConnectException: java.net.ConnectException: Connection refused (Connection refused)
2019-12-02 12:05:56.040  INFO 6252 --- [org.springframework.amqp.rabbit.RabbitListenerEndpointContainer#0-73] o.s.a.r.l.SimpleMessageListenerContainer : Restarting Consumer@315cdd63: tags=[[]], channel=null, acknowledgeMode=AUTO local queue size=0
2019-12-02 12:05:56.041  INFO 6252 --- [org.springframework.amqp.rabbit.RabbitListenerEndpointContainer#0-74] o.s.a.r.c.CachingConnectionFactory       : Attempting to connect to: [localhost:5672]
2019-12-02 12:06:01.119  WARN 6252 --- [org.springframework.amqp.rabbit.RabbitListenerEndpointContainer#0-74] o.s.a.r.l.SimpleMessageListenerContainer : Consumer raised exception, processing can restart if the connection factory supports it. Exception summary: org.springframework.amqp.AmqpConnectException: java.net.ConnectException: Connection refused (Connection refused)
2019-12-02 12:06:01.120  INFO 6252 --- [org.springframework.amqp.rabbit.RabbitListenerEndpointContainer#0-74] o.s.a.r.l.SimpleMessageListenerContainer : Restarting Consumer@7b634074: tags=[[]], channel=null, acknowledgeMode=AUTO local queue size=0
2019-12-02 12:06:01.121  INFO 6252 --- [org.springframework.amqp.rabbit.RabbitListenerEndpointContainer#0-75] o.s.a.r.c.CachingConnectionFactory       : Attempting to connect to: [localhost:5672]
2019-12-02 12:06:06.187  WARN 6252 --- [org.springframework.amqp.rabbit.RabbitListenerEndpointContainer#0-75] o.s.a.r.l.SimpleMessageListenerContainer : Consumer raised exception, processing can restart if the connection factory supports it. Exception summary: org.springframework.amqp.AmqpConnectException: java.net.ConnectException: Connection refused (Connection refused)
2019-12-02 12:06:06.187  INFO 6252 --- [org.springframework.amqp.rabbit.RabbitListenerEndpointContainer#0-75] o.s.a.r.l.SimpleMessageListenerContainer : Restarting Consumer@5bbe45f1: tags=[[]], channel=null, acknowledgeMode=AUTO local queue size=0
2019-12-02 12:06:06.188  INFO 6252 --- [org.springframework.amqp.rabbit.RabbitListenerEndpointContainer#0-76] o.s.a.r.c.CachingConnectionFactory       : Attempting to connect to: [localhost:5672]
2019-12-02 12:06:11.268  WARN 6252 --- [org.springframework.amqp.rabbit.RabbitListenerEndpointContainer#0-76] o.s.a.r.l.SimpleMessageListenerContainer : Consumer raised exception, processing can restart if the connection factory supports it. Exception summary: org.springframework.amqp.AmqpConnectException: java.net.ConnectException: Connection refused (Connection refused)
2019-12-02 12:06:11.269  INFO 6252 --- [org.springframework.amqp.rabbit.RabbitListenerEndpointContainer#0-76] o.s.a.r.l.SimpleMessageListenerContainer : Restarting Consumer@7247274e: tags=[[]], channel=null, acknowledgeMode=AUTO local queue size=0
2019-12-02 12:06:11.270  INFO 6252 --- [org.springframework.amqp.rabbit.RabbitListenerEndpointContainer#0-77] o.s.a.r.c.CachingConnectionFactory       : Attempting to connect to: [localhost:5672]
2019-12-02 12:06:16.345  WARN 6252 --- [org.springframework.amqp.rabbit.RabbitListenerEndpointContainer#0-77] o.s.a.r.l.SimpleMessageListenerContainer : Consumer raised exception, processing can restart if the connection factory supports it. Exception summary: org.springframework.amqp.AmqpConnectException: java.net.ConnectException: Connection refused (Connection refused)
2019-12-02 12:06:16.346  INFO 6252 --- [org.springframework.amqp.rabbit.RabbitListenerEndpointContainer#0-77] o.s.a.r.l.SimpleMessageListenerContainer : Restarting Consumer@338ab5a2: tags=[[]], channel=null, acknowledgeMode=AUTO local queue size=0
2019-12-02 12:06:16.346  INFO 6252 --- [org.springframework.amqp.rabbit.RabbitListenerEndpointContainer#0-78] o.s.a.r.c.CachingConnectionFactory       : Attempting to connect to: [localhost:5672]
2019-12-02 12:06:21.425  WARN 6252 --- [org.springframework.amqp.rabbit.RabbitListenerEndpointContainer#0-78] o.s.a.r.l.SimpleMessageListenerContainer : Consumer raised exception, processing can restart if the connection factory supports it. Exception summary: org.springframework.amqp.AmqpConnectException: java.net.ConnectException: Connection refused (Connection refused)
2019-12-02 12:06:21.427  INFO 6252 --- [org.springframework.amqp.rabbit.RabbitListenerEndpointContainer#0-78] o.s.a.r.l.SimpleMessageListenerContainer : Restarting Consumer@47111990: tags=[[]], channel=null, acknowledgeMode=AUTO local queue size=0
2019-12-02 12:06:21.428  INFO 6252 --- [org.springframework.amqp.rabbit.RabbitListenerEndpointContainer#0-79] o.s.a.r.c.CachingConnectionFactory       : Attempting to connect to: [localhost:5672]
2019-12-02 12:06:26.499  WARN 6252 --- [org.springframework.amqp.rabbit.RabbitListenerEndpointContainer#0-79] o.s.a.r.l.SimpleMessageListenerContainer : Consumer raised exception, processing can restart if the connection factory supports it. Exception summary: org.springframework.amqp.AmqpConnectException: java.net.ConnectException: Connection refused (Connection refused)
2019-12-02 12:06:26.499  INFO 6252 --- [org.springframework.amqp.rabbit.RabbitListenerEndpointContainer#0-79] o.s.a.r.l.SimpleMessageListenerContainer : Restarting Consumer@a273b50: tags=[[]], channel=null, acknowledgeMode=AUTO local queue size=0
2019-12-02 12:06:26.500  INFO 6252 --- [org.springframework.amqp.rabbit.RabbitListenerEndpointContainer#0-80] o.s.a.r.c.CachingConnectionFactory       : Attempting to connect to: [localhost:5672]
2019-12-02 12:06:31.572  WARN 6252 --- [org.springframework.amqp.rabbit.RabbitListenerEndpointContainer#0-80] o.s.a.r.l.SimpleMessageListenerContainer : Consumer raised exception, processing can restart if the connection factory supports it. Exception summary: org.springframework.amqp.AmqpConnectException: java.net.ConnectException: Connection refused (Connection refused)
2019-12-02 12:06:31.573  INFO 6252 --- [org.springframework.amqp.rabbit.RabbitListenerEndpointContainer#0-80] o.s.a.r.l.SimpleMessageListenerContainer : Restarting Consumer@29bf3e41: tags=[[]], channel=null, acknowledgeMode=AUTO local queue size=0
2019-12-02 12:06:31.573  INFO 6252 --- [org.springframework.amqp.rabbit.RabbitListenerEndpointContainer#0-81] o.s.a.r.c.CachingConnectionFactory       : Attempting to connect to: [localhost:5672]
2019-12-02 12:06:36.647  WARN 6252 --- [org.springframework.amqp.rabbit.RabbitListenerEndpointContainer#0-81] o.s.a.r.l.SimpleMessageListenerContainer : Consumer raised exception, processing can restart if the connection factory supports it. Exception summary: org.springframework.amqp.AmqpConnectException: java.net.ConnectException: Connection refused (Connection refused)
2019-12-02 12:06:36.648  INFO 6252 --- [org.springframework.amqp.rabbit.RabbitListenerEndpointContainer#0-81] o.s.a.r.l.SimpleMessageListenerContainer : Restarting Consumer@5a0d412d: tags=[[]], channel=null, acknowledgeMode=AUTO local queue size=0
2019-12-02 12:06:36.649  INFO 6252 --- [org.springframework.amqp.rabbit.RabbitListenerEndpointContainer#0-82] o.s.a.r.c.CachingConnectionFactory       : Attempting to connect to: [localhost:5672]
2019-12-02 12:06:41.726  WARN 6252 --- [org.springframework.amqp.rabbit.RabbitListenerEndpointContainer#0-82] o.s.a.r.l.SimpleMessageListenerContainer : Consumer raised exception, processing can restart if the connection factory supports it. Exception summary: org.springframework.amqp.AmqpConnectException: java.net.ConnectException: Connection refused (Connection refused)
2019-12-02 12:06:41.726  INFO 6252 --- [org.springframework.amqp.rabbit.RabbitListenerEndpointContainer#0-82] o.s.a.r.l.SimpleMessageListenerContainer : Restarting Consumer@369b4bce: tags=[[]], channel=null, acknowledgeMode=AUTO local queue size=0
2019-12-02 12:06:41.727  INFO 6252 --- [org.springframework.amqp.rabbit.RabbitListenerEndpointContainer#0-83] o.s.a.r.c.CachingConnectionFactory       : Attempting to connect to: [localhost:5672]
2019-12-02 12:06:46.799  WARN 6252 --- [org.springframework.amqp.rabbit.RabbitListenerEndpointContainer#0-83] o.s.a.r.l.SimpleMessageListenerContainer : Consumer raised exception, processing can restart if the connection factory supports it. Exception summary: org.springframework.amqp.AmqpConnectException: java.net.ConnectException: Connection refused (Connection refused)
2019-12-02 12:06:46.799  INFO 6252 --- [org.springframework.amqp.rabbit.RabbitListenerEndpointContainer#0-83] o.s.a.r.l.SimpleMessageListenerContainer : Restarting Consumer@6a4bb11e: tags=[[]], channel=null, acknowledgeMode=AUTO local queue size=0
2019-12-02 12:06:46.800  INFO 6252 --- [org.springframework.amqp.rabbit.RabbitListenerEndpointContainer#0-84] o.s.a.r.c.CachingConnectionFactory       : Attempting to connect to: [localhost:5672]
2019-12-02 12:06:51.867  WARN 6252 --- [org.springframework.amqp.rabbit.RabbitListenerEndpointContainer#0-84] o.s.a.r.l.SimpleMessageListenerContainer : Consumer raised exception, processing can restart if the connection factory supports it. Exception summary: org.springframework.amqp.AmqpConnectException: java.net.ConnectException: Connection refused (Connection refused)
2019-12-02 12:06:51.868  INFO 6252 --- [org.springframework.amqp.rabbit.RabbitListenerEndpointContainer#0-84] o.s.a.r.l.SimpleMessageListenerContainer : Restarting Consumer@5d883d86: tags=[[]], channel=null, acknowledgeMode=AUTO local queue size=0
2019-12-02 12:06:51.869  INFO 6252 --- [org.springframework.amqp.rabbit.RabbitListenerEndpointContainer#0-85] o.s.a.r.c.CachingConnectionFactory       : Attempting to connect to: [localhost:5672]
2019-12-02 12:06:56.935  WARN 6252 --- [org.springframework.amqp.rabbit.RabbitListenerEndpointContainer#0-85] o.s.a.r.l.SimpleMessageListenerContainer : Consumer raised exception, processing can restart if the connection factory supports it. Exception summary: org.springframework.amqp.AmqpConnectException: java.net.ConnectException: Connection refused (Connection refused)
2019-12-02 12:06:56.935  INFO 6252 --- [org.springframework.amqp.rabbit.RabbitListenerEndpointContainer#0-85] o.s.a.r.l.SimpleMessageListenerContainer : Restarting Consumer@35b594a2: tags=[[]], channel=null, acknowledgeMode=AUTO local queue size=0
2019-12-02 12:06:56.936  INFO 6252 --- [org.springframework.amqp.rabbit.RabbitListenerEndpointContainer#0-86] o.s.a.r.c.CachingConnectionFactory       : Attempting to connect to: [localhost:5672]
2019-12-02 12:07:02.008  WARN 6252 --- [org.springframework.amqp.rabbit.RabbitListenerEndpointContainer#0-86] o.s.a.r.l.SimpleMessageListenerContainer : Consumer raised exception, processing can restart if the connection factory supports it. Exception summary: org.springframework.amqp.AmqpConnectException: java.net.ConnectException: Connection refused (Connection refused)
2019-12-02 12:07:02.008  INFO 6252 --- [org.springframework.amqp.rabbit.RabbitListenerEndpointContainer#0-86] o.s.a.r.l.SimpleMessageListenerContainer : Restarting Consumer@5e507e5: tags=[[]], channel=null, acknowledgeMode=AUTO local queue size=0
2019-12-02 12:07:02.009  INFO 6252 --- [org.springframework.amqp.rabbit.RabbitListenerEndpointContainer#0-87] o.s.a.r.c.CachingConnectionFactory       : Attempting to connect to: [localhost:5672]
2019-12-02 12:07:07.075  WARN 6252 --- [org.springframework.amqp.rabbit.RabbitListenerEndpointContainer#0-87] o.s.a.r.l.SimpleMessageListenerContainer : Consumer raised exception, processing can restart if the connection factory supports it. Exception summary: org.springframework.amqp.AmqpConnectException: java.net.ConnectException: Connection refused (Connection refused)
2019-12-02 12:07:07.075  INFO 6252 --- [org.springframework.amqp.rabbit.RabbitListenerEndpointContainer#0-87] o.s.a.r.l.SimpleMessageListenerContainer : Restarting Consumer@68cd91f4: tags=[[]], channel=null, acknowledgeMode=AUTO local queue size=0
2019-12-02 12:07:07.075  INFO 6252 --- [org.springframework.amqp.rabbit.RabbitListenerEndpointContainer#0-88] o.s.a.r.c.CachingConnectionFactory       : Attempting to connect to: [localhost:5672]
2019-12-02 12:07:11.169  INFO 6252 --- [SpringContextShutdownHook] o.s.a.r.l.SimpleMessageListenerContainer : Waiting for workers to finish.
2019-12-02 12:07:11.171  INFO 6252 --- [SpringContextShutdownHook] o.s.a.r.l.SimpleMessageListenerContainer : Successfully waited for workers to finish.
2019-12-02 12:07:11.179  INFO 6252 --- [SpringContextShutdownHook] o.s.a.r.l.SimpleMessageListenerContainer : Shutdown ignored - container is not active already
2019-12-02 12:07:11.181  INFO 6252 --- [SpringContextShutdownHook] o.s.s.concurrent.ThreadPoolTaskExecutor  : Shutting down ExecutorService 'applicationTaskExecutor'
